[0.034s] Invoking command in '/home/seok/automotive_software_mid-term/build/autonomous_driving': CMAKE_PREFIX_PATH=/home/seok/automotive_software_mid-term/install/ad_msgs:/home/seok/automotive_software_mid-term/install/simulator:/home/seok/automotive_software_mid-term/install/scenario_runner:/home/seok/automotive_software_mid-term/install/evaluation:/home/seok/automotive_software_mid-term/install/autonomous_driving:/home/seok/ros2_ws/install/simulator:/home/seok/ros2_ws/install/evaluation:/home/seok/ros2_ws/install/autonomous_driving:/home/seok/ros2_ws/install/ad_msgs:/opt/ros/humble /usr/bin/cmake --build /home/seok/automotive_software_mid-term/build/autonomous_driving -- -j16 -l16
[0.062s] [35m[1mConsolidate compiler generated dependencies of target autonomous_driving[0m
[0.076s] [ 50%] [32mBuilding CXX object CMakeFiles/autonomous_driving.dir/src/autonomous_driving.cpp.o[0m
[2.224s] [01m[K/home/seok/automotive_software_mid-term/src/app/autonomous_driving/src/autonomous_driving.cpp:[m[K In member function â€˜[01m[Kvoid AutonomousDriving::Init(const rclcpp::Time&)[m[Kâ€™:
[2.224s] [01m[K/home/seok/automotive_software_mid-term/src/app/autonomous_driving/src/autonomous_driving.cpp:141:50:[m[K [01;35m[Kwarning: [m[Kunused parameter â€˜[01m[Kcurrent_time[m[Kâ€™ [[01;35m[K]8;;https://gcc.gnu.org/onlinedocs/gcc/Warning-Options.html#index-Wunused-parameter-Wunused-parameter]8;;[m[K]
[2.224s]   141 | void AutonomousDriving::Init([01;35m[Kconst rclcpp::Time &current_time[m[K) {
[2.224s]       |                              [01;35m[K~~~~~~~~~~~~~~~~~~~~^~~~~~~~~~~~[m[K
[2.260s] [01m[K/home/seok/automotive_software_mid-term/src/app/autonomous_driving/src/autonomous_driving.cpp:[m[K At global scope:
[2.260s] [01m[K/home/seok/automotive_software_mid-term/src/app/autonomous_driving/src/autonomous_driving.cpp:466:8:[m[K [01;31m[Kerror: [m[Kâ€˜[01m[KAutonomous[m[Kâ€™ has not been declared
[2.260s]   466 | double [01;31m[KAutonomous[m[K::getDistanceToVehicle(const ad_msgs::msg::VehicleOutput& vehicle_state, const ad_msgs::msg::VehicleOutput& obstacle) {
[2.260s]       |        [01;31m[K^~~~~~~~~~[m[K
[2.261s] [01m[K/home/seok/automotive_software_mid-term/src/app/autonomous_driving/src/autonomous_driving.cpp:[m[K In member function â€˜[01m[Kvoid AutonomousDriving::Run(const rclcpp::Time&)[m[Kâ€™:
[2.261s] [01m[K/home/seok/automotive_software_mid-term/src/app/autonomous_driving/src/autonomous_driving.cpp:508:25:[m[K [01;31m[Kerror: [m[Kâ€˜[01m[Kusing Obstacles = struct ad_msgs::msg::Obstacles_<std::allocator<void> >[m[Kâ€™ {aka â€˜[01m[Kstruct ad_msgs::msg::Obstacles_<std::allocator<void> >[m[Kâ€™} has no member named â€˜[01m[Kbegin[m[Kâ€™
[2.261s]   508 |     std::sort(obstacles.[01;31m[Kbegin[m[K(), obstacles.end(), [](const ad_msgs::msg::VehicleOutput& a, const ad_msgs::msg::VehicleOutput& b) {
[2.261s]       |                         [01;31m[K^~~~~[m[K
[2.261s] [01m[K/home/seok/automotive_software_mid-term/src/app/autonomous_driving/src/autonomous_driving.cpp:508:44:[m[K [01;31m[Kerror: [m[Kâ€˜[01m[Kusing Obstacles = struct ad_msgs::msg::Obstacles_<std::allocator<void> >[m[Kâ€™ {aka â€˜[01m[Kstruct ad_msgs::msg::Obstacles_<std::allocator<void> >[m[Kâ€™} has no member named â€˜[01m[Kend[m[Kâ€™
[2.261s]   508 |     std::sort(obstacles.begin(), obstacles.[01;31m[Kend[m[K(), [](const ad_msgs::msg::VehicleOutput& a, const ad_msgs::msg::VehicleOutput& b) {
[2.261s]       |                                            [01;31m[K^~~[m[K
[2.261s] [01m[K/home/seok/automotive_software_mid-term/src/app/autonomous_driving/src/autonomous_driving.cpp:511:71:[m[K [01;31m[Kerror: [m[Kâ€˜[01m[Kusing Obstacles = struct ad_msgs::msg::Obstacles_<std::allocator<void> >[m[Kâ€™ {aka â€˜[01m[Kstruct ad_msgs::msg::Obstacles_<std::allocator<void> >[m[Kâ€™} has no member named â€˜[01m[Ksize[m[Kâ€™
[2.261s]   511 |     ad_msgs::msg::VehicleOutput middle_obstacle = obstacles[obstacles.[01;31m[Ksize[m[K() / 2];
[2.262s]       |                                                                       [01;31m[K^~~~[m[K
[2.263s] [01m[K/home/seok/automotive_software_mid-term/src/app/autonomous_driving/src/autonomous_driving.cpp:495:12:[m[K [01;35m[Kwarning: [m[Kunused variable â€˜[01m[Klimit_speed[m[Kâ€™ [[01;35m[K]8;;https://gcc.gnu.org/onlinedocs/gcc/Warning-Options.html#index-Wunused-variable-Wunused-variable]8;;[m[K]
[2.263s]   495 |     double [01;35m[Klimit_speed[m[K = i_limit_speed_;
[2.263s]       |            [01;35m[K^~~~~~~~~~~[m[K
[2.264s] [01m[K/home/seok/automotive_software_mid-term/src/app/autonomous_driving/src/autonomous_driving.cpp:[m[K In member function â€˜[01m[Kvoid AutonomousDriving::Publish(const rclcpp::Time&)[m[Kâ€™:
[2.264s] [01m[K/home/seok/automotive_software_mid-term/src/app/autonomous_driving/src/autonomous_driving.cpp:610:53:[m[K [01;35m[Kwarning: [m[Kunused parameter â€˜[01m[Kcurrent_time[m[Kâ€™ [[01;35m[K]8;;https://gcc.gnu.org/onlinedocs/gcc/Warning-Options.html#index-Wunused-parameter-Wunused-parameter]8;;[m[K]
[2.264s]   610 | void AutonomousDriving::Publish([01;35m[Kconst rclcpp::Time &current_time[m[K) {
[2.264s]       |                                 [01;35m[K~~~~~~~~~~~~~~~~~~~~^~~~~~~~~~~~[m[K
[15.066s] gmake[2]: *** [CMakeFiles/autonomous_driving.dir/build.make:76: CMakeFiles/autonomous_driving.dir/src/autonomous_driving.cpp.o] Error 1
[15.066s] gmake[1]: *** [CMakeFiles/Makefile2:137: CMakeFiles/autonomous_driving.dir/all] Error 2
[15.066s] gmake: *** [Makefile:146: all] Error 2
[15.068s] Invoked command in '/home/seok/automotive_software_mid-term/build/autonomous_driving' returned '2': CMAKE_PREFIX_PATH=/home/seok/automotive_software_mid-term/install/ad_msgs:/home/seok/automotive_software_mid-term/install/simulator:/home/seok/automotive_software_mid-term/install/scenario_runner:/home/seok/automotive_software_mid-term/install/evaluation:/home/seok/automotive_software_mid-term/install/autonomous_driving:/home/seok/ros2_ws/install/simulator:/home/seok/ros2_ws/install/evaluation:/home/seok/ros2_ws/install/autonomous_driving:/home/seok/ros2_ws/install/ad_msgs:/opt/ros/humble /usr/bin/cmake --build /home/seok/automotive_software_mid-term/build/autonomous_driving -- -j16 -l16
