[0.031s] Invoking command in '/home/seok/automotive_software_mid-term/build/autonomous_driving': CMAKE_PREFIX_PATH=/home/seok/automotive_software_mid-term/install/ad_msgs:/home/seok/automotive_software_mid-term/install/simulator:/home/seok/automotive_software_mid-term/install/scenario_runner:/home/seok/automotive_software_mid-term/install/evaluation:/home/seok/automotive_software_mid-term/install/autonomous_driving:/home/seok/ros2_ws/install/simulator:/home/seok/ros2_ws/install/evaluation:/home/seok/ros2_ws/install/autonomous_driving:/home/seok/ros2_ws/install/ad_msgs:/opt/ros/humble /usr/bin/cmake --build /home/seok/automotive_software_mid-term/build/autonomous_driving -- -j16 -l16
[0.062s] [35m[1mConsolidate compiler generated dependencies of target autonomous_driving[0m
[0.078s] [ 50%] [32mBuilding CXX object CMakeFiles/autonomous_driving.dir/src/autonomous_driving.cpp.o[0m
[2.360s] [01m[K/home/seok/automotive_software_mid-term/src/app/autonomous_driving/src/autonomous_driving.cpp:[m[K In member function â€˜[01m[Kvoid AutonomousDriving::Init(const rclcpp::Time&)[m[Kâ€™:
[2.361s] [01m[K/home/seok/automotive_software_mid-term/src/app/autonomous_driving/src/autonomous_driving.cpp:138:50:[m[K [01;35m[Kwarning: [m[Kunused parameter â€˜[01m[Kcurrent_time[m[Kâ€™ [[01;35m[K]8;;https://gcc.gnu.org/onlinedocs/gcc/Warning-Options.html#index-Wunused-parameter-Wunused-parameter]8;;[m[K]
[2.361s]   138 | void AutonomousDriving::Init([01;35m[Kconst rclcpp::Time &current_time[m[K) {
[2.361s]       |                              [01;35m[K~~~~~~~~~~~~~~~~~~~~^~~~~~~~~~~~[m[K
[2.397s] In file included from [01m[K/opt/ros/humble/include/rclcpp/rclcpp/logging.hpp:24[m[K,
[2.397s]                  from [01m[K/opt/ros/humble/include/rclcpp/rclcpp/client.hpp:40[m[K,
[2.397s]                  from [01m[K/opt/ros/humble/include/rclcpp/rclcpp/callback_group.hpp:24[m[K,
[2.397s]                  from [01m[K/opt/ros/humble/include/rclcpp/rclcpp/any_executable.hpp:20[m[K,
[2.397s]                  from [01m[K/opt/ros/humble/include/rclcpp/rclcpp/memory_strategy.hpp:25[m[K,
[2.397s]                  from [01m[K/opt/ros/humble/include/rclcpp/rclcpp/memory_strategies.hpp:18[m[K,
[2.397s]                  from [01m[K/opt/ros/humble/include/rclcpp/rclcpp/executor_options.hpp:20[m[K,
[2.397s]                  from [01m[K/opt/ros/humble/include/rclcpp/rclcpp/executor.hpp:37[m[K,
[2.397s]                  from [01m[K/opt/ros/humble/include/rclcpp/rclcpp/executors/multi_threaded_executor.hpp:25[m[K,
[2.397s]                  from [01m[K/opt/ros/humble/include/rclcpp/rclcpp/executors.hpp:21[m[K,
[2.397s]                  from [01m[K/opt/ros/humble/include/rclcpp/rclcpp/rclcpp.hpp:155[m[K,
[2.397s]                  from [01m[K/home/seok/automotive_software_mid-term/src/app/autonomous_driving/include/autonomous_driving.hpp:31[m[K,
[2.397s]                  from [01m[K/home/seok/automotive_software_mid-term/src/app/autonomous_driving/src/autonomous_driving.cpp:17[m[K:
[2.397s] [01m[K/home/seok/automotive_software_mid-term/src/app/autonomous_driving/src/autonomous_driving.cpp:[m[K In member function â€˜[01m[Kvoid AutonomousDriving::Run(const rclcpp::Time&)[m[Kâ€™:
[2.397s] [01m[K/home/seok/automotive_software_mid-term/src/app/autonomous_driving/src/autonomous_driving.cpp:476:88:[m[K [01;31m[Kerror: [m[Krequest for member â€˜[01m[Kc_str[m[Kâ€™ in â€˜[01m[Kclosest_obstacle_distance[m[Kâ€™, which is of non-class type â€˜[01m[Kdouble[m[Kâ€™
[2.397s]   476 |     RCLCPP_INFO(this->get_logger(), "Obstacle_distance: %s", closest_obstacle_distance.[01;31m[Kc_str[m[K());
[2.397s]       |                                                                                        [01;31m[K^~~~~[m[K
[2.397s] [01m[K/home/seok/automotive_software_mid-term/src/app/autonomous_driving/src/autonomous_driving.cpp:449:12:[m[K [01;35m[Kwarning: [m[Kunused variable â€˜[01m[Klimit_speed[m[Kâ€™ [[01;35m[K]8;;https://gcc.gnu.org/onlinedocs/gcc/Warning-Options.html#index-Wunused-variable-Wunused-variable]8;;[m[K]
[2.397s]   449 |     double [01;35m[Klimit_speed[m[K = i_limit_speed_;
[2.397s]       |            [01;35m[K^~~~~~~~~~~[m[K
[2.398s] [01m[K/home/seok/automotive_software_mid-term/src/app/autonomous_driving/src/autonomous_driving.cpp:[m[K In member function â€˜[01m[Kvoid AutonomousDriving::Publish(const rclcpp::Time&)[m[Kâ€™:
[2.398s] [01m[K/home/seok/automotive_software_mid-term/src/app/autonomous_driving/src/autonomous_driving.cpp:561:53:[m[K [01;35m[Kwarning: [m[Kunused parameter â€˜[01m[Kcurrent_time[m[Kâ€™ [[01;35m[K]8;;https://gcc.gnu.org/onlinedocs/gcc/Warning-Options.html#index-Wunused-parameter-Wunused-parameter]8;;[m[K]
[2.398s]   561 | void AutonomousDriving::Publish([01;35m[Kconst rclcpp::Time &current_time[m[K) {
[2.398s]       |                                 [01;35m[K~~~~~~~~~~~~~~~~~~~~^~~~~~~~~~~~[m[K
[15.852s] gmake[2]: *** [CMakeFiles/autonomous_driving.dir/build.make:76: CMakeFiles/autonomous_driving.dir/src/autonomous_driving.cpp.o] Error 1
[15.852s] gmake[1]: *** [CMakeFiles/Makefile2:137: CMakeFiles/autonomous_driving.dir/all] Error 2
[15.852s] gmake: *** [Makefile:146: all] Error 2
[15.854s] Invoked command in '/home/seok/automotive_software_mid-term/build/autonomous_driving' returned '2': CMAKE_PREFIX_PATH=/home/seok/automotive_software_mid-term/install/ad_msgs:/home/seok/automotive_software_mid-term/install/simulator:/home/seok/automotive_software_mid-term/install/scenario_runner:/home/seok/automotive_software_mid-term/install/evaluation:/home/seok/automotive_software_mid-term/install/autonomous_driving:/home/seok/ros2_ws/install/simulator:/home/seok/ros2_ws/install/evaluation:/home/seok/ros2_ws/install/autonomous_driving:/home/seok/ros2_ws/install/ad_msgs:/opt/ros/humble /usr/bin/cmake --build /home/seok/automotive_software_mid-term/build/autonomous_driving -- -j16 -l16
