[35m[1mConsolidate compiler generated dependencies of target autonomous_driving[0m
[ 50%] [32mBuilding CXX object CMakeFiles/autonomous_driving.dir/src/autonomous_driving.cpp.o[0m
In file included from [01m[K/home/seok/automotive_software_mid-term/src/app/autonomous_driving/src/autonomous_driving.cpp:17[m[K:
[01m[K/home/seok/automotive_software_mid-term/src/app/autonomous_driving/include/autonomous_driving.hpp:113:107:[m[K [01;31m[Kerror: [m[Kâ€˜[01m[KObstacle[m[Kâ€™ in namespace â€˜[01m[Kad_msgs::msg[m[Kâ€™ does not name a type; did you mean â€˜[01m[KObstacles[m[Kâ€™?
  113 | (const ad_msgs::msg::VehicleOutput& vehicle_state, const ad_msgs::msg::[01;31m[KObstacle[m[K& obstacle)
      |                                                                        [01;31m[K^~~~~~~~[m[K
      |                                                                        [32m[KObstacles[m[K
[01m[K/home/seok/automotive_software_mid-term/src/app/autonomous_driving/include/autonomous_driving.hpp:113:125:[m[K [01;31m[Kerror: [m[Kexpected â€˜[01m[K;[m[Kâ€™ at end of member declaration
  113 | d_msgs::msg::VehicleOutput& vehicle_state, const ad_msgs::msg::Obstacle& obstacle[01;31m[K)[m[K
      |                                                                                  [01;31m[K^[m[K
      |                                                                                   [32m[K;[m[K
[01m[K/home/seok/automotive_software_mid-term/src/app/autonomous_driving/src/autonomous_driving.cpp:[m[K In member function â€˜[01m[Kvoid AutonomousDriving::Init(const rclcpp::Time&)[m[Kâ€™:
[01m[K/home/seok/automotive_software_mid-term/src/app/autonomous_driving/src/autonomous_driving.cpp:141:50:[m[K [01;35m[Kwarning: [m[Kunused parameter â€˜[01m[Kcurrent_time[m[Kâ€™ [[01;35m[K]8;;https://gcc.gnu.org/onlinedocs/gcc/Warning-Options.html#index-Wunused-parameter-Wunused-parameter]8;;[m[K]
  141 | void AutonomousDriving::Init([01;35m[Kconst rclcpp::Time &current_time[m[K) {
      |                              [01;35m[K~~~~~~~~~~~~~~~~~~~~^~~~~~~~~~~~[m[K
[01m[K/home/seok/automotive_software_mid-term/src/app/autonomous_driving/src/autonomous_driving.cpp:[m[K At global scope:
[01m[K/home/seok/automotive_software_mid-term/src/app/autonomous_driving/src/autonomous_driving.cpp:466:8:[m[K [01;31m[Kerror: [m[Kâ€˜[01m[KAutonomouse[m[Kâ€™ has not been declared
  466 | double [01;31m[KAutonomouse[m[K::getDistanceToVehicle(const ad_msgs::msg::VehicleOutput& vehicle_state, const ad_msgs::msg::Obstacle& obstacle) {
      |        [01;31m[K^~~~~~~~~~~[m[K
[01m[K/home/seok/automotive_software_mid-term/src/app/autonomous_driving/src/autonomous_driving.cpp:466:112:[m[K [01;31m[Kerror: [m[Kâ€˜[01m[KObstacle[m[Kâ€™ in namespace â€˜[01m[Kad_msgs::msg[m[Kâ€™ does not name a type; did you mean â€˜[01m[KObstacles[m[Kâ€™?
  466 | (const ad_msgs::msg::VehicleOutput& vehicle_state, const ad_msgs::msg::[01;31m[KObstacle[m[K& obstacle) {
      |                                                                        [01;31m[K^~~~~~~~[m[K
      |                                                                        [32m[KObstacles[m[K
[01m[K/home/seok/automotive_software_mid-term/src/app/autonomous_driving/src/autonomous_driving.cpp:[m[K In function â€˜[01m[Kdouble getDistanceToVehicle(const VehicleOutput&, const int&)[m[Kâ€™:
[01m[K/home/seok/automotive_software_mid-term/src/app/autonomous_driving/src/autonomous_driving.cpp:467:26:[m[K [01;31m[Kerror: [m[Krequest for member â€˜[01m[Kx[m[Kâ€™ in â€˜[01m[Kobstacle[m[Kâ€™, which is of non-class type â€˜[01m[Kconst int[m[Kâ€™
  467 |     double dx = obstacle.[01;31m[Kx[m[K - vehicle_state.x;
      |                          [01;31m[K^[m[K
[01m[K/home/seok/automotive_software_mid-term/src/app/autonomous_driving/src/autonomous_driving.cpp:468:26:[m[K [01;31m[Kerror: [m[Krequest for member â€˜[01m[Ky[m[Kâ€™ in â€˜[01m[Kobstacle[m[Kâ€™, which is of non-class type â€˜[01m[Kconst int[m[Kâ€™
  468 |     double dy = obstacle.[01;31m[Ky[m[K - vehicle_state.y;
      |                          [01;31m[K^[m[K
[01m[K/home/seok/automotive_software_mid-term/src/app/autonomous_driving/src/autonomous_driving.cpp:[m[K In member function â€˜[01m[Kvoid AutonomousDriving::Run(const rclcpp::Time&)[m[Kâ€™:
[01m[K/home/seok/automotive_software_mid-term/src/app/autonomous_driving/src/autonomous_driving.cpp:508:94:[m[K [01;31m[Kerror: [m[Kâ€˜[01m[KObstacle[m[Kâ€™ in namespace â€˜[01m[Kad_msgs::msg[m[Kâ€™ does not name a type; did you mean â€˜[01m[KObstacles[m[Kâ€™?
  508 | s.obstacles.begin(), obstacles.obstacles.end(), [](const ad_msgs::msg::[01;31m[KObstacle[m[K& a, const ad_msgs::msg::Obstacle& b) {
      |                                                                        [01;31m[K^~~~~~~~[m[K
      |                                                                        [32m[KObstacles[m[K
[01m[K/home/seok/automotive_software_mid-term/src/app/autonomous_driving/src/autonomous_driving.cpp:[m[K In lambda function:
[01m[K/home/seok/automotive_software_mid-term/src/app/autonomous_driving/src/autonomous_driving.cpp:510:7:[m[K [01;31m[Kerror: [m[Kexpected â€˜[01m[K{[m[Kâ€™ before â€˜[01m[K;[m[Kâ€™ token
  510 |     })[01;31m[K;[m[K
      |       [01;31m[K^[m[K
[01m[K/home/seok/automotive_software_mid-term/src/app/autonomous_driving/src/autonomous_driving.cpp:[m[K In member function â€˜[01m[Kvoid AutonomousDriving::Run(const rclcpp::Time&)[m[Kâ€™:
[01m[K/home/seok/automotive_software_mid-term/src/app/autonomous_driving/src/autonomous_driving.cpp:510:7:[m[K [01;31m[Kerror: [m[Kexpected â€˜[01m[K)[m[Kâ€™ before â€˜[01m[K;[m[Kâ€™ token
  510 |     })[01;31m[K;[m[K
      |       [01;31m[K^[m[K
      |       [32m[K)[m[K
[01m[K/home/seok/automotive_software_mid-term/src/app/autonomous_driving/src/autonomous_driving.cpp:508:14:[m[K [01;36m[Knote: [m[Kto match this â€˜[01m[K([m[Kâ€™
  508 |     std::sort[01;36m[K([m[Kobstacles.obstacles.begin(), obstacles.obstacles.end(), [](const ad_msgs::msg::Obstacle& a, const ad_msgs::msg::Obstacle& b) {
      |              [01;36m[K^[m[K
[01m[K/home/seok/automotive_software_mid-term/src/app/autonomous_driving/src/autonomous_driving.cpp:511:19:[m[K [01;31m[Kerror: [m[Kâ€˜[01m[KObstacle[m[Kâ€™ is not a member of â€˜[01m[Kad_msgs::msg[m[Kâ€™; did you mean â€˜[01m[KObstacles[m[Kâ€™?
  511 |     ad_msgs::msg::[01;31m[KObstacle[m[K middle_obstacle = obstacles.obstacles[obstacles.obstacles.size() / 2];
      |                   [01;31m[K^~~~~~~~[m[K
      |                   [32m[KObstacles[m[K
[01m[K/home/seok/automotive_software_mid-term/src/app/autonomous_driving/src/autonomous_driving.cpp:513:76:[m[K [01;31m[Kerror: [m[Kâ€˜[01m[Kmiddle_obstacle[m[Kâ€™ was not declared in this scope
  513 | double closest_obstacle_distance = getDistanceToVehicle(vehicle_state, [01;31m[Kmiddle_obstacle[m[K);
      |                                                                        [01;31m[K^~~~~~~~~~~~~~~[m[K

[01m[K/home/seok/automotive_software_mid-term/src/app/autonomous_driving/src/autonomous_driving.cpp:495:12:[m[K [01;35m[Kwarning: [m[Kunused variable â€˜[01m[Klimit_speed[m[Kâ€™ [[01;35m[K]8;;https://gcc.gnu.org/onlinedocs/gcc/Warning-Options.html#index-Wunused-variable-Wunused-variable]8;;[m[K]
  495 |     double [01;35m[Klimit_speed[m[K = i_limit_speed_;
      |            [01;35m[K^~~~~~~~~~~[m[K
[01m[K/home/seok/automotive_software_mid-term/src/app/autonomous_driving/src/autonomous_driving.cpp:[m[K In member function â€˜[01m[Kvoid AutonomousDriving::Publish(const rclcpp::Time&)[m[Kâ€™:
[01m[K/home/seok/automotive_software_mid-term/src/app/autonomous_driving/src/autonomous_driving.cpp:610:53:[m[K [01;35m[Kwarning: [m[Kunused parameter â€˜[01m[Kcurrent_time[m[Kâ€™ [[01;35m[K]8;;https://gcc.gnu.org/onlinedocs/gcc/Warning-Options.html#index-Wunused-parameter-Wunused-parameter]8;;[m[K]
  610 | void AutonomousDriving::Publish([01;35m[Kconst rclcpp::Time &current_time[m[K) {
      |                                 [01;35m[K~~~~~~~~~~~~~~~~~~~~^~~~~~~~~~~~[m[K
gmake[2]: *** [CMakeFiles/autonomous_driving.dir/build.make:76: CMakeFiles/autonomous_driving.dir/src/autonomous_driving.cpp.o] Error 1
gmake[1]: *** [CMakeFiles/Makefile2:137: CMakeFiles/autonomous_driving.dir/all] Error 2
gmake: *** [Makefile:146: all] Error 2
