[0.031s] Invoking command in '/home/seok/automotive_software_mid-term/build/autonomous_driving': CMAKE_PREFIX_PATH=/home/seok/automotive_software_mid-term/install/ad_msgs:/home/seok/automotive_software_mid-term/install/simulator:/home/seok/automotive_software_mid-term/install/scenario_runner:/home/seok/automotive_software_mid-term/install/evaluation:/home/seok/automotive_software_mid-term/install/autonomous_driving:/home/seok/ros2_ws/install/simulator:/home/seok/ros2_ws/install/evaluation:/home/seok/ros2_ws/install/autonomous_driving:/home/seok/ros2_ws/install/ad_msgs:/opt/ros/humble /usr/bin/cmake --build /home/seok/automotive_software_mid-term/build/autonomous_driving -- -j16 -l16
[0.056s] [35m[1mConsolidate compiler generated dependencies of target autonomous_driving[0m
[0.072s] [ 50%] [32mBuilding CXX object CMakeFiles/autonomous_driving.dir/src/autonomous_driving.cpp.o[0m
[2.081s] In file included from [01m[K/home/seok/automotive_software_mid-term/src/app/autonomous_driving/src/autonomous_driving.cpp:17[m[K:
[2.081s] [01m[K/home/seok/automotive_software_mid-term/src/app/autonomous_driving/include/autonomous_driving.hpp:113:107:[m[K [01;31m[Kerror: [m[Kâ€˜[01m[KObstacle[m[Kâ€™ in namespace â€˜[01m[Kad_msgs::msg[m[Kâ€™ does not name a type; did you mean â€˜[01m[KObstacles[m[Kâ€™?
[2.081s]   113 | (const ad_msgs::msg::VehicleOutput& vehicle_state, const ad_msgs::msg::[01;31m[KObstacle[m[K& obstacle)
[2.081s]       |                                                                        [01;31m[K^~~~~~~~[m[K
[2.082s]       |                                                                        [32m[KObstacles[m[K
[2.082s] [01m[K/home/seok/automotive_software_mid-term/src/app/autonomous_driving/include/autonomous_driving.hpp:113:125:[m[K [01;31m[Kerror: [m[Kexpected â€˜[01m[K;[m[Kâ€™ at end of member declaration
[2.082s]   113 | d_msgs::msg::VehicleOutput& vehicle_state, const ad_msgs::msg::Obstacle& obstacle[01;31m[K)[m[K
[2.082s]       |                                                                                  [01;31m[K^[m[K
[2.082s]       |                                                                                   [32m[K;[m[K
[2.301s] [01m[K/home/seok/automotive_software_mid-term/src/app/autonomous_driving/src/autonomous_driving.cpp:[m[K In member function â€˜[01m[Kvoid AutonomousDriving::Init(const rclcpp::Time&)[m[Kâ€™:
[2.301s] [01m[K/home/seok/automotive_software_mid-term/src/app/autonomous_driving/src/autonomous_driving.cpp:141:50:[m[K [01;35m[Kwarning: [m[Kunused parameter â€˜[01m[Kcurrent_time[m[Kâ€™ [[01;35m[K]8;;https://gcc.gnu.org/onlinedocs/gcc/Warning-Options.html#index-Wunused-parameter-Wunused-parameter]8;;[m[K]
[2.301s]   141 | void AutonomousDriving::Init([01;35m[Kconst rclcpp::Time &current_time[m[K) {
[2.301s]       |                              [01;35m[K~~~~~~~~~~~~~~~~~~~~^~~~~~~~~~~~[m[K
[2.334s] [01m[K/home/seok/automotive_software_mid-term/src/app/autonomous_driving/src/autonomous_driving.cpp:[m[K At global scope:
[2.334s] [01m[K/home/seok/automotive_software_mid-term/src/app/autonomous_driving/src/autonomous_driving.cpp:466:8:[m[K [01;31m[Kerror: [m[Kâ€˜[01m[KAutonomouse[m[Kâ€™ has not been declared
[2.334s]   466 | double [01;31m[KAutonomouse[m[K::getDistanceToVehicle(const ad_msgs::msg::VehicleOutput& vehicle_state, const ad_msgs::msg::Obstacle& obstacle) {
[2.334s]       |        [01;31m[K^~~~~~~~~~~[m[K
[2.334s] [01m[K/home/seok/automotive_software_mid-term/src/app/autonomous_driving/src/autonomous_driving.cpp:466:112:[m[K [01;31m[Kerror: [m[Kâ€˜[01m[KObstacle[m[Kâ€™ in namespace â€˜[01m[Kad_msgs::msg[m[Kâ€™ does not name a type; did you mean â€˜[01m[KObstacles[m[Kâ€™?
[2.334s]   466 | (const ad_msgs::msg::VehicleOutput& vehicle_state, const ad_msgs::msg::[01;31m[KObstacle[m[K& obstacle) {
[2.334s]       |                                                                        [01;31m[K^~~~~~~~[m[K
[2.334s]       |                                                                        [32m[KObstacles[m[K
[2.334s] [01m[K/home/seok/automotive_software_mid-term/src/app/autonomous_driving/src/autonomous_driving.cpp:[m[K In function â€˜[01m[Kdouble getDistanceToVehicle(const VehicleOutput&, const int&)[m[Kâ€™:
[2.334s] [01m[K/home/seok/automotive_software_mid-term/src/app/autonomous_driving/src/autonomous_driving.cpp:467:26:[m[K [01;31m[Kerror: [m[Krequest for member â€˜[01m[Kx[m[Kâ€™ in â€˜[01m[Kobstacle[m[Kâ€™, which is of non-class type â€˜[01m[Kconst int[m[Kâ€™
[2.334s]   467 |     double dx = obstacle.[01;31m[Kx[m[K - vehicle_state.x;
[2.335s]       |                          [01;31m[K^[m[K
[2.335s] [01m[K/home/seok/automotive_software_mid-term/src/app/autonomous_driving/src/autonomous_driving.cpp:468:26:[m[K [01;31m[Kerror: [m[Krequest for member â€˜[01m[Ky[m[Kâ€™ in â€˜[01m[Kobstacle[m[Kâ€™, which is of non-class type â€˜[01m[Kconst int[m[Kâ€™
[2.335s]   468 |     double dy = obstacle.[01;31m[Ky[m[K - vehicle_state.y;
[2.335s]       |                          [01;31m[K^[m[K
[2.335s] [01m[K/home/seok/automotive_software_mid-term/src/app/autonomous_driving/src/autonomous_driving.cpp:[m[K In member function â€˜[01m[Kvoid AutonomousDriving::Run(const rclcpp::Time&)[m[Kâ€™:
[2.335s] [01m[K/home/seok/automotive_software_mid-term/src/app/autonomous_driving/src/autonomous_driving.cpp:508:94:[m[K [01;31m[Kerror: [m[Kâ€˜[01m[KObstacle[m[Kâ€™ in namespace â€˜[01m[Kad_msgs::msg[m[Kâ€™ does not name a type; did you mean â€˜[01m[KObstacles[m[Kâ€™?
[2.335s]   508 | s.obstacles.begin(), obstacles.obstacles.end(), [](const ad_msgs::msg::[01;31m[KObstacle[m[K& a, const ad_msgs::msg::Obstacle& b) {
[2.335s]       |                                                                        [01;31m[K^~~~~~~~[m[K
[2.335s]       |                                                                        [32m[KObstacles[m[K
[2.335s] [01m[K/home/seok/automotive_software_mid-term/src/app/autonomous_driving/src/autonomous_driving.cpp:[m[K In lambda function:
[2.335s] [01m[K/home/seok/automotive_software_mid-term/src/app/autonomous_driving/src/autonomous_driving.cpp:510:7:[m[K [01;31m[Kerror: [m[Kexpected â€˜[01m[K{[m[Kâ€™ before â€˜[01m[K;[m[Kâ€™ token
[2.336s]   510 |     })[01;31m[K;[m[K
[2.336s]       |       [01;31m[K^[m[K
[2.336s] [01m[K/home/seok/automotive_software_mid-term/src/app/autonomous_driving/src/autonomous_driving.cpp:[m[K In member function â€˜[01m[Kvoid AutonomousDriving::Run(const rclcpp::Time&)[m[Kâ€™:
[2.336s] [01m[K/home/seok/automotive_software_mid-term/src/app/autonomous_driving/src/autonomous_driving.cpp:510:7:[m[K [01;31m[Kerror: [m[Kexpected â€˜[01m[K)[m[Kâ€™ before â€˜[01m[K;[m[Kâ€™ token
[2.336s]   510 |     })[01;31m[K;[m[K
[2.336s]       |       [01;31m[K^[m[K
[2.336s]       |       [32m[K)[m[K
[2.336s] [01m[K/home/seok/automotive_software_mid-term/src/app/autonomous_driving/src/autonomous_driving.cpp:508:14:[m[K [01;36m[Knote: [m[Kto match this â€˜[01m[K([m[Kâ€™
[2.336s]   508 |     std::sort[01;36m[K([m[Kobstacles.obstacles.begin(), obstacles.obstacles.end(), [](const ad_msgs::msg::Obstacle& a, const ad_msgs::msg::Obstacle& b) {
[2.336s]       |              [01;36m[K^[m[K
[2.336s] [01m[K/home/seok/automotive_software_mid-term/src/app/autonomous_driving/src/autonomous_driving.cpp:511:19:[m[K [01;31m[Kerror: [m[Kâ€˜[01m[KObstacle[m[Kâ€™ is not a member of â€˜[01m[Kad_msgs::msg[m[Kâ€™; did you mean â€˜[01m[KObstacles[m[Kâ€™?
[2.336s]   511 |     ad_msgs::msg::[01;31m[KObstacle[m[K middle_obstacle = obstacles.obstacles[obstacles.obstacles.size() / 2];
[2.336s]       |                   [01;31m[K^~~~~~~~[m[K
[2.336s]       |                   [32m[KObstacles[m[K
[2.342s] [01m[K/home/seok/automotive_software_mid-term/src/app/autonomous_driving/src/autonomous_driving.cpp:513:76:[m[K [01;31m[Kerror: [m[Kâ€˜[01m[Kmiddle_obstacle[m[Kâ€™ was not declared in this scope
[2.342s]   513 | double closest_obstacle_distance = getDistanceToVehicle(vehicle_state, [01;31m[Kmiddle_obstacle[m[K);
[2.342s]       |                                                                        [01;31m[K^~~~~~~~~~~~~~~[m[K
[2.342s] 
[2.343s] [01m[K/home/seok/automotive_software_mid-term/src/app/autonomous_driving/src/autonomous_driving.cpp:495:12:[m[K [01;35m[Kwarning: [m[Kunused variable â€˜[01m[Klimit_speed[m[Kâ€™ [[01;35m[K]8;;https://gcc.gnu.org/onlinedocs/gcc/Warning-Options.html#index-Wunused-variable-Wunused-variable]8;;[m[K]
[2.343s]   495 |     double [01;35m[Klimit_speed[m[K = i_limit_speed_;
[2.343s]       |            [01;35m[K^~~~~~~~~~~[m[K
[2.344s] [01m[K/home/seok/automotive_software_mid-term/src/app/autonomous_driving/src/autonomous_driving.cpp:[m[K In member function â€˜[01m[Kvoid AutonomousDriving::Publish(const rclcpp::Time&)[m[Kâ€™:
[2.344s] [01m[K/home/seok/automotive_software_mid-term/src/app/autonomous_driving/src/autonomous_driving.cpp:610:53:[m[K [01;35m[Kwarning: [m[Kunused parameter â€˜[01m[Kcurrent_time[m[Kâ€™ [[01;35m[K]8;;https://gcc.gnu.org/onlinedocs/gcc/Warning-Options.html#index-Wunused-parameter-Wunused-parameter]8;;[m[K]
[2.344s]   610 | void AutonomousDriving::Publish([01;35m[Kconst rclcpp::Time &current_time[m[K) {
[2.344s]       |                                 [01;35m[K~~~~~~~~~~~~~~~~~~~~^~~~~~~~~~~~[m[K
[15.195s] gmake[2]: *** [CMakeFiles/autonomous_driving.dir/build.make:76: CMakeFiles/autonomous_driving.dir/src/autonomous_driving.cpp.o] Error 1
[15.195s] gmake[1]: *** [CMakeFiles/Makefile2:137: CMakeFiles/autonomous_driving.dir/all] Error 2
[15.195s] gmake: *** [Makefile:146: all] Error 2
[15.197s] Invoked command in '/home/seok/automotive_software_mid-term/build/autonomous_driving' returned '2': CMAKE_PREFIX_PATH=/home/seok/automotive_software_mid-term/install/ad_msgs:/home/seok/automotive_software_mid-term/install/simulator:/home/seok/automotive_software_mid-term/install/scenario_runner:/home/seok/automotive_software_mid-term/install/evaluation:/home/seok/automotive_software_mid-term/install/autonomous_driving:/home/seok/ros2_ws/install/simulator:/home/seok/ros2_ws/install/evaluation:/home/seok/ros2_ws/install/autonomous_driving:/home/seok/ros2_ws/install/ad_msgs:/opt/ros/humble /usr/bin/cmake --build /home/seok/automotive_software_mid-term/build/autonomous_driving -- -j16 -l16
