[0.036s] Invoking command in '/home/seok/automotive_software_mid-term/build/autonomous_driving': CMAKE_PREFIX_PATH=/home/seok/automotive_software_mid-term/install/ad_msgs:/home/seok/automotive_software_mid-term/install/simulator:/home/seok/automotive_software_mid-term/install/scenario_runner:/home/seok/automotive_software_mid-term/install/evaluation:/home/seok/automotive_software_mid-term/install/autonomous_driving:/home/seok/ros2_ws/install/simulator:/home/seok/ros2_ws/install/evaluation:/home/seok/ros2_ws/install/autonomous_driving:/home/seok/ros2_ws/install/ad_msgs:/opt/ros/humble /usr/bin/cmake --build /home/seok/automotive_software_mid-term/build/autonomous_driving -- -j16 -l16
[0.066s] [35m[1mConsolidate compiler generated dependencies of target autonomous_driving[0m
[0.080s] [ 50%] [32mBuilding CXX object CMakeFiles/autonomous_driving.dir/src/autonomous_driving.cpp.o[0m
[2.093s] In file included from [01m[K/home/seok/automotive_software_mid-term/src/app/autonomous_driving/src/autonomous_driving.cpp:17[m[K:
[2.093s] [01m[K/home/seok/automotive_software_mid-term/src/app/autonomous_driving/include/autonomous_driving.hpp:112:40:[m[K [01;31m[Kerror: [m[K‚Äò[01m[KPoint[m[K‚Äô was not declared in this scope; did you mean ‚Äò[01m[Kgeometry_msgs::msg::Point[m[K‚Äô?
[2.093s]   112 |         void expandCluster(std::vector<[01;31m[KPoint[m[K>& points, int pointIdx, int clusterID, float epsilon, int min_samples)
[2.094s]       |                                        [01;31m[K^~~~~[m[K
[2.094s]       |                                        [32m[Kgeometry_msgs::msg::Point[m[K
[2.094s] In file included from [01m[K/home/seok/automotive_software_mid-term/install/ad_msgs/include/ad_msgs/ad_msgs/msg/detail/lane_point_data__struct.hpp:20[m[K,
[2.094s]                  from [01m[K/home/seok/automotive_software_mid-term/install/ad_msgs/include/ad_msgs/ad_msgs/msg/detail/lane_point_data_array__struct.hpp:20[m[K,
[2.094s]                  from [01m[K/home/seok/automotive_software_mid-term/install/ad_msgs/include/ad_msgs/ad_msgs/msg/lane_point_data_array.hpp:7[m[K,
[2.094s]                  from [01m[K/home/seok/automotive_software_mid-term/src/app/autonomous_driving/include/autonomous_driving.hpp:36[m[K,
[2.094s]                  from [01m[K/home/seok/automotive_software_mid-term/src/app/autonomous_driving/src/autonomous_driving.cpp:17[m[K:
[2.094s] [01m[K/opt/ros/humble/include/geometry_msgs/geometry_msgs/msg/detail/point__struct.hpp:150:7:[m[K [01;36m[Knote: [m[K‚Äò[01m[Kgeometry_msgs::msg::Point[m[K‚Äô declared here
[2.094s]   150 | using [01;36m[KPoint[m[K =
[2.094s]       |       [01;36m[K^~~~~[m[K
[2.094s] In file included from [01m[K/home/seok/automotive_software_mid-term/src/app/autonomous_driving/src/autonomous_driving.cpp:17[m[K:
[2.094s] [01m[K/home/seok/automotive_software_mid-term/src/app/autonomous_driving/include/autonomous_driving.hpp:112:45:[m[K [01;31m[Kerror: [m[Ktemplate argument 1 is invalid
[2.094s]   112 |         void expandCluster(std::vector<Point[01;31m[K>[m[K& points, int pointIdx, int clusterID, float epsilon, int min_samples)
[2.094s]       |                                             [01;31m[K^[m[K
[2.094s] [01m[K/home/seok/automotive_software_mid-term/src/app/autonomous_driving/include/autonomous_driving.hpp:112:45:[m[K [01;31m[Kerror: [m[Ktemplate argument 2 is invalid
[2.094s] [01m[K/home/seok/automotive_software_mid-term/src/app/autonomous_driving/include/autonomous_driving.hpp:112:115:[m[K [01;31m[Kerror: [m[Kexpected ‚Äò[01m[K;[m[K‚Äô at end of member declaration
[2.094s]   112 |         void expandCluster(std::vector<Point>& points, int pointIdx, int clusterID, float epsilon, int min_samples[01;31m[K)[m[K
[2.094s]       |                                                                                                                   [01;31m[K^[m[K
[2.094s]       |                                                                                                                    [32m[K;[m[K
[2.322s] [01m[K/home/seok/automotive_software_mid-term/src/app/autonomous_driving/src/autonomous_driving.cpp:[m[K In member function ‚Äò[01m[Kvoid AutonomousDriving::Init(const rclcpp::Time&)[m[K‚Äô:
[2.322s] [01m[K/home/seok/automotive_software_mid-term/src/app/autonomous_driving/src/autonomous_driving.cpp:144:50:[m[K [01;35m[Kwarning: [m[Kunused parameter ‚Äò[01m[Kcurrent_time[m[K‚Äô [[01;35m[K]8;;https://gcc.gnu.org/onlinedocs/gcc/Warning-Options.html#index-Wunused-parameter-Wunused-parameter]8;;[m[K]
[2.322s]   144 | void AutonomousDriving::Init([01;35m[Kconst rclcpp::Time &current_time[m[K) {
[2.323s]       |                              [01;35m[K~~~~~~~~~~~~~~~~~~~~^~~~~~~~~~~~[m[K
[2.325s] [01m[K/home/seok/automotive_software_mid-term/src/app/autonomous_driving/src/autonomous_driving.cpp:[m[K At global scope:
[2.325s] [01m[K/home/seok/automotive_software_mid-term/src/app/autonomous_driving/src/autonomous_driving.cpp:203:6:[m[K [01;31m[Kerror: [m[Kno declaration matches ‚Äò[01m[Kvoid AutonomousDriving::expandCluster(std::vector<Point>&, int, int, float, int)[m[K‚Äô
[2.325s]   203 | void [01;31m[KAutonomousDriving[m[K::expandCluster(std::vector<Point>& points, int pointIdx, int clusterID, float epsilon, int min_samples) {
[2.325s]       |      [01;31m[K^~~~~~~~~~~~~~~~~[m[K
[2.325s] In file included from [01m[K/home/seok/automotive_software_mid-term/src/app/autonomous_driving/src/autonomous_driving.cpp:17[m[K:
[2.325s] [01m[K/home/seok/automotive_software_mid-term/src/app/autonomous_driving/include/autonomous_driving.hpp:112:14:[m[K [01;36m[Knote: [m[Kcandidate is: ‚Äò[01m[Kvoid AutonomousDriving::expandCluster(int&, int, int, float, int)[m[K‚Äô
[2.325s]   112 |         void [01;36m[KexpandCluster[m[K(std::vector<Point>& points, int pointIdx, int clusterID, float epsilon, int min_samples)
[2.325s]       |              [01;36m[K^~~~~~~~~~~~~[m[K
[2.325s] In file included from [01m[K/home/seok/automotive_software_mid-term/src/app/autonomous_driving/src/autonomous_driving.cpp:17[m[K:
[2.325s] [01m[K/home/seok/automotive_software_mid-term/src/app/autonomous_driving/include/autonomous_driving.hpp:50:7:[m[K [01;36m[Knote: [m[K‚Äò[01m[Kclass AutonomousDriving[m[K‚Äô defined here
[2.325s]    50 | class [01;36m[KAutonomousDriving[m[K : public rclcpp::Node {
[2.325s]       |       [01;36m[K^~~~~~~~~~~~~~~~~[m[K
[2.327s] [01m[K/home/seok/automotive_software_mid-term/src/app/autonomous_driving/src/autonomous_driving.cpp:[m[K In member function ‚Äò[01m[Kvoid AutonomousDriving::splitLanePoints(const LanePointData&)[m[K‚Äô:
[2.328s] [01m[K/home/seok/automotive_software_mid-term/src/app/autonomous_driving/src/autonomous_driving.cpp:230:33:[m[K [01;35m[Kwarning: [m[Knarrowing conversion of ‚Äò[01m[K(geometry_msgs::msg::Point_<std::allocator<void> >::_x_type)point.geometry_msgs::msg::Point_<std::allocator<void> >::x[m[K‚Äô from ‚Äò[01m[Kgeometry_msgs::msg::Point_<std::allocator<void> >::_x_type[m[K‚Äô {aka ‚Äò[01m[Kdouble[m[K‚Äô} to ‚Äò[01m[Kfloat[m[K‚Äô [[01;35m[K]8;;https://gcc.gnu.org/onlinedocs/gcc/Warning-Options.html#index-Wnarrowing-Wnarrowing]8;;[m[K]
[2.328s]   230 |         points.push_back({[01;35m[Kpoint.x[m[K, point.y});
[2.328s]       |                           [01;35m[K~~~~~~^[m[K
[2.328s] [01m[K/home/seok/automotive_software_mid-term/src/app/autonomous_driving/src/autonomous_driving.cpp:230:33:[m[K [01;35m[Kwarning: [m[Knarrowing conversion of ‚Äò[01m[Kpoint.geometry_msgs::msg::Point_<std::allocator<void> >::x[m[K‚Äô from ‚Äò[01m[Kconst _x_type[m[K‚Äô {aka ‚Äò[01m[Kconst double[m[K‚Äô} to ‚Äò[01m[Kfloat[m[K‚Äô [[01;35m[K]8;;https://gcc.gnu.org/onlinedocs/gcc/Warning-Options.html#index-Wnarrowing-Wnarrowing]8;;[m[K]
[2.328s] [01m[K/home/seok/automotive_software_mid-term/src/app/autonomous_driving/src/autonomous_driving.cpp:230:42:[m[K [01;35m[Kwarning: [m[Knarrowing conversion of ‚Äò[01m[K(geometry_msgs::msg::Point_<std::allocator<void> >::_y_type)point.geometry_msgs::msg::Point_<std::allocator<void> >::y[m[K‚Äô from ‚Äò[01m[Kgeometry_msgs::msg::Point_<std::allocator<void> >::_y_type[m[K‚Äô {aka ‚Äò[01m[Kdouble[m[K‚Äô} to ‚Äò[01m[Kfloat[m[K‚Äô [[01;35m[K]8;;https://gcc.gnu.org/onlinedocs/gcc/Warning-Options.html#index-Wnarrowing-Wnarrowing]8;;[m[K]
[2.328s]   230 |         points.push_back({point.x, [01;35m[Kpoint.y[m[K});
[2.328s]       |                                    [01;35m[K~~~~~~^[m[K
[2.328s] [01m[K/home/seok/automotive_software_mid-term/src/app/autonomous_driving/src/autonomous_driving.cpp:230:42:[m[K [01;35m[Kwarning: [m[Knarrowing conversion of ‚Äò[01m[Kpoint.geometry_msgs::msg::Point_<std::allocator<void> >::y[m[K‚Äô from ‚Äò[01m[Kconst _y_type[m[K‚Äô {aka ‚Äò[01m[Kconst double[m[K‚Äô} to ‚Äò[01m[Kfloat[m[K‚Äô [[01;35m[K]8;;https://gcc.gnu.org/onlinedocs/gcc/Warning-Options.html#index-Wnarrowing-Wnarrowing]8;;[m[K]
[2.333s] [01m[K/home/seok/automotive_software_mid-term/src/app/autonomous_driving/src/autonomous_driving.cpp:238:5:[m[K [01;31m[Kerror: [m[K‚Äò[01m[KDBSCAN[m[K‚Äô was not declared in this scope
[2.333s]   238 |     [01;31m[KDBSCAN[m[K dbscan(epsilon, min_samples);
[2.333s]       |     [01;31m[K^~~~~~[m[K
[2.337s] [01m[K/home/seok/automotive_software_mid-term/src/app/autonomous_driving/src/autonomous_driving.cpp:239:31:[m[K [01;31m[Kerror: [m[K‚Äò[01m[Kdbscan[m[K‚Äô was not declared in this scope
[2.337s]   239 |     std::vector<int> labels = [01;31m[Kdbscan[m[K.fit_predict(points);
[2.337s]       |                               [01;31m[K^~~~~~[m[K
[2.338s] [01m[K/home/seok/automotive_software_mid-term/src/app/autonomous_driving/src/autonomous_driving.cpp:234:11:[m[K [01;35m[Kwarning: [m[Kunused variable ‚Äò[01m[Kepsilon[m[K‚Äô [[01;35m[K]8;;https://gcc.gnu.org/onlinedocs/gcc/Warning-Options.html#index-Wunused-variable-Wunused-variable]8;;[m[K]
[2.338s]   234 |     float [01;35m[Kepsilon[m[K = 1.5;  // Î∞ÄÏßë Í∏∞Ï§Ä Í±∞Î¶¨
[2.338s]       |           [01;35m[K^~~~~~~[m[K
[2.338s] [01m[K/home/seok/automotive_software_mid-term/src/app/autonomous_driving/src/autonomous_driving.cpp:235:9:[m[K [01;35m[Kwarning: [m[Kunused variable ‚Äò[01m[Kmin_samples[m[K‚Äô [[01;35m[K]8;;https://gcc.gnu.org/onlinedocs/gcc/Warning-Options.html#index-Wunused-variable-Wunused-variable]8;;[m[K]
[2.338s]   235 |     int [01;35m[Kmin_samples[m[K = 3;  // ÏµúÏÜå Ìè¨Ïù∏Ìä∏ Í∞úÏàò
[2.338s]       |         [01;35m[K^~~~~~~~~~~[m[K
[2.374s] [01m[K/home/seok/automotive_software_mid-term/src/app/autonomous_driving/src/autonomous_driving.cpp:[m[K In member function ‚Äò[01m[Kvoid AutonomousDriving::Publish(const rclcpp::Time&)[m[K‚Äô:
[2.374s] [01m[K/home/seok/automotive_software_mid-term/src/app/autonomous_driving/src/autonomous_driving.cpp:613:53:[m[K [01;35m[Kwarning: [m[Kunused parameter ‚Äò[01m[Kcurrent_time[m[K‚Äô [[01;35m[K]8;;https://gcc.gnu.org/onlinedocs/gcc/Warning-Options.html#index-Wunused-parameter-Wunused-parameter]8;;[m[K]
[2.374s]   613 | void AutonomousDriving::Publish([01;35m[Kconst rclcpp::Time &current_time[m[K) {
[2.374s]       |                                 [01;35m[K~~~~~~~~~~~~~~~~~~~~^~~~~~~~~~~~[m[K
[16.368s] gmake[2]: *** [CMakeFiles/autonomous_driving.dir/build.make:76: CMakeFiles/autonomous_driving.dir/src/autonomous_driving.cpp.o] Error 1
[16.368s] gmake[1]: *** [CMakeFiles/Makefile2:137: CMakeFiles/autonomous_driving.dir/all] Error 2
[16.368s] gmake: *** [Makefile:146: all] Error 2
[16.370s] Invoked command in '/home/seok/automotive_software_mid-term/build/autonomous_driving' returned '2': CMAKE_PREFIX_PATH=/home/seok/automotive_software_mid-term/install/ad_msgs:/home/seok/automotive_software_mid-term/install/simulator:/home/seok/automotive_software_mid-term/install/scenario_runner:/home/seok/automotive_software_mid-term/install/evaluation:/home/seok/automotive_software_mid-term/install/autonomous_driving:/home/seok/ros2_ws/install/simulator:/home/seok/ros2_ws/install/evaluation:/home/seok/ros2_ws/install/autonomous_driving:/home/seok/ros2_ws/install/ad_msgs:/opt/ros/humble /usr/bin/cmake --build /home/seok/automotive_software_mid-term/build/autonomous_driving -- -j16 -l16
