[35m[1mConsolidate compiler generated dependencies of target autonomous_driving[0m
[ 50%] [32mBuilding CXX object CMakeFiles/autonomous_driving.dir/src/autonomous_driving.cpp.o[0m
[01m[K/home/seok/automotive_software_mid-term/src/app/autonomous_driving/src/autonomous_driving.cpp:[m[K In member function â€˜[01m[Kvoid AutonomousDriving::Init(const rclcpp::Time&)[m[Kâ€™:
[01m[K/home/seok/automotive_software_mid-term/src/app/autonomous_driving/src/autonomous_driving.cpp:135:50:[m[K [01;35m[Kwarning: [m[Kunused parameter â€˜[01m[Kcurrent_time[m[Kâ€™ [[01;35m[K]8;;https://gcc.gnu.org/onlinedocs/gcc/Warning-Options.html#index-Wunused-parameter-Wunused-parameter]8;;[m[K]
  135 | void AutonomousDriving::Init([01;35m[Kconst rclcpp::Time &current_time[m[K) {
      |                              [01;35m[K~~~~~~~~~~~~~~~~~~~~^~~~~~~~~~~~[m[K
[01m[K/home/seok/automotive_software_mid-term/src/app/autonomous_driving/src/autonomous_driving.cpp:[m[K At global scope:
[01m[K/home/seok/automotive_software_mid-term/src/app/autonomous_driving/src/autonomous_driving.cpp:155:6:[m[K [01;31m[Kerror: [m[Kno declaration matches â€˜[01m[Kvoid AutonomousDriving::process_lanes(ad_msgs::msg::LanePointData_<std::allocator<void> >::SharedPtr)[m[Kâ€™
  155 | void [01;31m[KAutonomousDriving[m[K::process_lanes(const ad_msgs::msg::LanePointData::SharedPtr lane_points_)
      |      [01;31m[K^~~~~~~~~~~~~~~~~[m[K
[01m[K/home/seok/automotive_software_mid-term/src/app/autonomous_driving/src/autonomous_driving.cpp:155:6:[m[K [01;36m[Knote: [m[Kno functions named â€˜[01m[Kvoid AutonomousDriving::process_lanes(ad_msgs::msg::LanePointData_<std::allocator<void> >::SharedPtr)[m[Kâ€™
In file included from [01m[K/home/seok/automotive_software_mid-term/src/app/autonomous_driving/src/autonomous_driving.cpp:17[m[K:
[01m[K/home/seok/automotive_software_mid-term/src/app/autonomous_driving/include/autonomous_driving.hpp:50:7:[m[K [01;36m[Knote: [m[Kâ€˜[01m[Kclass AutonomousDriving[m[Kâ€™ defined here
   50 | class [01;36m[KAutonomousDriving[m[K : public rclcpp::Node {
      |       [01;36m[K^~~~~~~~~~~~~~~~~[m[K
[01m[K/home/seok/automotive_software_mid-term/src/app/autonomous_driving/src/autonomous_driving.cpp:[m[K In member function â€˜[01m[Kvoid AutonomousDriving::Run(const rclcpp::Time&)[m[Kâ€™:
[01m[K/home/seok/automotive_software_mid-term/src/app/autonomous_driving/src/autonomous_driving.cpp:258:12:[m[K [01;35m[Kwarning: [m[Kunused variable â€˜[01m[Klimit_speed[m[Kâ€™ [[01;35m[K]8;;https://gcc.gnu.org/onlinedocs/gcc/Warning-Options.html#index-Wunused-variable-Wunused-variable]8;;[m[K]
  258 |     double [01;35m[Klimit_speed[m[K = i_limit_speed_;
      |            [01;35m[K^~~~~~~~~~~[m[K
[01m[K/home/seok/automotive_software_mid-term/src/app/autonomous_driving/src/autonomous_driving.cpp:[m[K In member function â€˜[01m[Kvoid AutonomousDriving::Publish(const rclcpp::Time&)[m[Kâ€™:
[01m[K/home/seok/automotive_software_mid-term/src/app/autonomous_driving/src/autonomous_driving.cpp:322:53:[m[K [01;35m[Kwarning: [m[Kunused parameter â€˜[01m[Kcurrent_time[m[Kâ€™ [[01;35m[K]8;;https://gcc.gnu.org/onlinedocs/gcc/Warning-Options.html#index-Wunused-parameter-Wunused-parameter]8;;[m[K]
  322 | void AutonomousDriving::Publish([01;35m[Kconst rclcpp::Time &current_time[m[K) {
      |                                 [01;35m[K~~~~~~~~~~~~~~~~~~~~^~~~~~~~~~~~[m[K
gmake[2]: *** [CMakeFiles/autonomous_driving.dir/build.make:76: CMakeFiles/autonomous_driving.dir/src/autonomous_driving.cpp.o] Error 1
gmake[1]: *** [CMakeFiles/Makefile2:137: CMakeFiles/autonomous_driving.dir/all] Error 2
gmake: *** [Makefile:146: all] Error 2
