[0.033s] Invoking command in '/home/seok/automotive_software_mid-term/build/autonomous_driving': CMAKE_PREFIX_PATH=/home/seok/automotive_software_mid-term/install/ad_msgs:/home/seok/automotive_software_mid-term/install/simulator:/home/seok/automotive_software_mid-term/install/scenario_runner:/home/seok/automotive_software_mid-term/install/evaluation:/home/seok/automotive_software_mid-term/install/autonomous_driving:/home/seok/ros2_ws/install/simulator:/home/seok/ros2_ws/install/evaluation:/home/seok/ros2_ws/install/autonomous_driving:/home/seok/ros2_ws/install/ad_msgs:/opt/ros/humble /usr/bin/cmake --build /home/seok/automotive_software_mid-term/build/autonomous_driving -- -j16 -l16
[0.075s] [35m[1mConsolidate compiler generated dependencies of target autonomous_driving[0m
[0.095s] [ 50%] [32mBuilding CXX object CMakeFiles/autonomous_driving.dir/src/autonomous_driving.cpp.o[0m
[2.433s] [01m[K/home/seok/automotive_software_mid-term/src/app/autonomous_driving/src/autonomous_driving.cpp:[m[K In member function â€˜[01m[Kvoid AutonomousDriving::Init(const rclcpp::Time&)[m[Kâ€™:
[2.434s] [01m[K/home/seok/automotive_software_mid-term/src/app/autonomous_driving/src/autonomous_driving.cpp:138:50:[m[K [01;35m[Kwarning: [m[Kunused parameter â€˜[01m[Kcurrent_time[m[Kâ€™ [[01;35m[K]8;;https://gcc.gnu.org/onlinedocs/gcc/Warning-Options.html#index-Wunused-parameter-Wunused-parameter]8;;[m[K]
[2.434s]   138 | void AutonomousDriving::Init([01;35m[Kconst rclcpp::Time &current_time[m[K) {
[2.434s]       |                              [01;35m[K~~~~~~~~~~~~~~~~~~~~^~~~~~~~~~~~[m[K
[2.434s] [01m[K/home/seok/automotive_software_mid-term/src/app/autonomous_driving/src/autonomous_driving.cpp:[m[K At global scope:
[2.434s] [01m[K/home/seok/automotive_software_mid-term/src/app/autonomous_driving/src/autonomous_driving.cpp:144:8:[m[K [01;31m[Kerror: [m[Kno declaration matches â€˜[01m[Kdouble AutonomousDriving::computePID(double, double, const rclcpp::Time&, double)[m[Kâ€™
[2.434s]   144 | double [01;31m[KAutonomousDriving[m[K::computePID(double target_speed, double current_speed, const rclcpp::Time& current_time, double kp)
[2.434s]       |        [01;31m[K^~~~~~~~~~~~~~~~~[m[K
[2.434s] In file included from [01m[K/home/seok/automotive_software_mid-term/src/app/autonomous_driving/src/autonomous_driving.cpp:17[m[K:
[2.434s] [01m[K/home/seok/automotive_software_mid-term/src/app/autonomous_driving/include/autonomous_driving.hpp:108:16:[m[K [01;36m[Knote: [m[Kcandidate is: â€˜[01m[Kdouble AutonomousDriving::computePID(double, double, const rclcpp::Time&)[m[Kâ€™
[2.434s]   108 |         double [01;36m[KcomputePID[m[K(double target_speed, double current_speed, const rclcpp::Time& current_time);
[2.434s]       |                [01;36m[K^~~~~~~~~~[m[K
[2.434s] In file included from [01m[K/home/seok/automotive_software_mid-term/src/app/autonomous_driving/src/autonomous_driving.cpp:17[m[K:
[2.434s] [01m[K/home/seok/automotive_software_mid-term/src/app/autonomous_driving/include/autonomous_driving.hpp:50:7:[m[K [01;36m[Knote: [m[Kâ€˜[01m[Kclass AutonomousDriving[m[Kâ€™ defined here
[2.434s]    50 | class [01;36m[KAutonomousDriving[m[K : public rclcpp::Node {
[2.434s]       |       [01;36m[K^~~~~~~~~~~~~~~~~[m[K
[2.472s] [01m[K/home/seok/automotive_software_mid-term/src/app/autonomous_driving/src/autonomous_driving.cpp:[m[K In member function â€˜[01m[Kvoid AutonomousDriving::Run(const rclcpp::Time&)[m[Kâ€™:
[2.472s] [01m[K/home/seok/automotive_software_mid-term/src/app/autonomous_driving/src/autonomous_driving.cpp:471:36:[m[K [01;31m[Kerror: [m[Kno matching function for call to â€˜[01m[KAutonomousDriving::computePID(double&, ad_msgs::msg::VehicleOutput_<std::allocator<void> >::_velocity_type&, const rclcpp::Time&, int)[m[Kâ€™
[2.472s]   471 |         control_signal = [01;31m[KcomputePID(target_speed, vehicle_state.velocity, current_time,1)[m[K;
[2.472s]       |                          [01;31m[K~~~~~~~~~~^~~~~~~~~~~~~~~~~~~~~~~~~~~~~~~~~~~~~~~~~~~~~~~~~~~~~~[m[K
[2.472s] In file included from [01m[K/home/seok/automotive_software_mid-term/src/app/autonomous_driving/src/autonomous_driving.cpp:17[m[K:
[2.472s] [01m[K/home/seok/automotive_software_mid-term/src/app/autonomous_driving/include/autonomous_driving.hpp:108:16:[m[K [01;36m[Knote: [m[Kcandidate: â€˜[01m[Kdouble AutonomousDriving::computePID(double, double, const rclcpp::Time&)[m[Kâ€™
[2.472s]   108 |         double [01;36m[KcomputePID[m[K(double target_speed, double current_speed, const rclcpp::Time& current_time);
[2.472s]       |                [01;36m[K^~~~~~~~~~[m[K
[2.472s] [01m[K/home/seok/automotive_software_mid-term/src/app/autonomous_driving/include/autonomous_driving.hpp:108:16:[m[K [01;36m[Knote: [m[K  candidate expects 3 arguments, 4 provided
[2.473s] [01m[K/home/seok/automotive_software_mid-term/src/app/autonomous_driving/src/autonomous_driving.cpp:473:36:[m[K [01;31m[Kerror: [m[Kno matching function for call to â€˜[01m[KAutonomousDriving::computePID(double&, double&, const rclcpp::Time&, double)[m[Kâ€™
[2.473s]   473 |         control_signal = [01;31m[KcomputePID(target_distance, closest_obstacle_distance, current_time,0.5)[m[K;
[2.473s]       |                          [01;31m[K~~~~~~~~~~^~~~~~~~~~~~~~~~~~~~~~~~~~~~~~~~~~~~~~~~~~~~~~~~~~~~~~~~~~~~~~[m[K
[2.473s] In file included from [01m[K/home/seok/automotive_software_mid-term/src/app/autonomous_driving/src/autonomous_driving.cpp:17[m[K:
[2.473s] [01m[K/home/seok/automotive_software_mid-term/src/app/autonomous_driving/include/autonomous_driving.hpp:108:16:[m[K [01;36m[Knote: [m[Kcandidate: â€˜[01m[Kdouble AutonomousDriving::computePID(double, double, const rclcpp::Time&)[m[Kâ€™
[2.473s]   108 |         double [01;36m[KcomputePID[m[K(double target_speed, double current_speed, const rclcpp::Time& current_time);
[2.473s]       |                [01;36m[K^~~~~~~~~~[m[K
[2.473s] [01m[K/home/seok/automotive_software_mid-term/src/app/autonomous_driving/include/autonomous_driving.hpp:108:16:[m[K [01;36m[Knote: [m[K  candidate expects 3 arguments, 4 provided
[2.474s] [01m[K/home/seok/automotive_software_mid-term/src/app/autonomous_driving/src/autonomous_driving.cpp:449:12:[m[K [01;35m[Kwarning: [m[Kunused variable â€˜[01m[Klimit_speed[m[Kâ€™ [[01;35m[K]8;;https://gcc.gnu.org/onlinedocs/gcc/Warning-Options.html#index-Wunused-variable-Wunused-variable]8;;[m[K]
[2.474s]   449 |     double [01;35m[Klimit_speed[m[K = i_limit_speed_;
[2.474s]       |            [01;35m[K^~~~~~~~~~~[m[K
[2.475s] [01m[K/home/seok/automotive_software_mid-term/src/app/autonomous_driving/src/autonomous_driving.cpp:[m[K In member function â€˜[01m[Kvoid AutonomousDriving::Publish(const rclcpp::Time&)[m[Kâ€™:
[2.475s] [01m[K/home/seok/automotive_software_mid-term/src/app/autonomous_driving/src/autonomous_driving.cpp:559:53:[m[K [01;35m[Kwarning: [m[Kunused parameter â€˜[01m[Kcurrent_time[m[Kâ€™ [[01;35m[K]8;;https://gcc.gnu.org/onlinedocs/gcc/Warning-Options.html#index-Wunused-parameter-Wunused-parameter]8;;[m[K]
[2.475s]   559 | void AutonomousDriving::Publish([01;35m[Kconst rclcpp::Time &current_time[m[K) {
[2.475s]       |                                 [01;35m[K~~~~~~~~~~~~~~~~~~~~^~~~~~~~~~~~[m[K
[15.776s] gmake[2]: *** [CMakeFiles/autonomous_driving.dir/build.make:76: CMakeFiles/autonomous_driving.dir/src/autonomous_driving.cpp.o] Error 1
[15.776s] gmake[1]: *** [CMakeFiles/Makefile2:137: CMakeFiles/autonomous_driving.dir/all] Error 2
[15.777s] gmake: *** [Makefile:146: all] Error 2
[15.778s] Invoked command in '/home/seok/automotive_software_mid-term/build/autonomous_driving' returned '2': CMAKE_PREFIX_PATH=/home/seok/automotive_software_mid-term/install/ad_msgs:/home/seok/automotive_software_mid-term/install/simulator:/home/seok/automotive_software_mid-term/install/scenario_runner:/home/seok/automotive_software_mid-term/install/evaluation:/home/seok/automotive_software_mid-term/install/autonomous_driving:/home/seok/ros2_ws/install/simulator:/home/seok/ros2_ws/install/evaluation:/home/seok/ros2_ws/install/autonomous_driving:/home/seok/ros2_ws/install/ad_msgs:/opt/ros/humble /usr/bin/cmake --build /home/seok/automotive_software_mid-term/build/autonomous_driving -- -j16 -l16
