[01m[K/home/seok/automotive_software_mid-term/src/app/autonomous_driving/src/autonomous_driving.cpp:19:10:[m[K [01;31m[Kfatal error: [m[Ksklearn/DBSCAN: No such file or directory
   19 | #include [01;31m[K<sklearn/DBSCAN>[m[K // ì‚¬ìš©í•  DBSCAN ë¼ì´ë¸ŒëŸ¬ë¦¬ í•„ìš”
      |          [01;31m[K^~~~~~~~~~~~~~~~[m[K
compilation terminated.
gmake[2]: *** [CMakeFiles/autonomous_driving.dir/build.make:76: CMakeFiles/autonomous_driving.dir/src/autonomous_driving.cpp.o] Error 1
gmake[1]: *** [CMakeFiles/Makefile2:137: CMakeFiles/autonomous_driving.dir/all] Error 2
gmake: *** [Makefile:146: all] Error 2
