[0.032s] Invoking command in '/home/seok/automotive_software_mid-term/build/autonomous_driving': CMAKE_PREFIX_PATH=/home/seok/automotive_software_mid-term/install/ad_msgs:/home/seok/automotive_software_mid-term/install/simulator:/home/seok/automotive_software_mid-term/install/scenario_runner:/home/seok/automotive_software_mid-term/install/evaluation:/home/seok/automotive_software_mid-term/install/autonomous_driving:/home/seok/ros2_ws/install/simulator:/home/seok/ros2_ws/install/evaluation:/home/seok/ros2_ws/install/autonomous_driving:/home/seok/ros2_ws/install/ad_msgs:/opt/ros/humble /usr/bin/cmake --build /home/seok/automotive_software_mid-term/build/autonomous_driving -- -j16 -l16
[0.064s] [35m[1mConsolidate compiler generated dependencies of target autonomous_driving[0m
[0.078s] [ 50%] [32mBuilding CXX object CMakeFiles/autonomous_driving.dir/src/autonomous_driving.cpp.o[0m
[2.145s] In file included from [01m[K/home/seok/automotive_software_mid-term/src/app/autonomous_driving/src/autonomous_driving.cpp:17[m[K:
[2.145s] [01m[K/home/seok/automotive_software_mid-term/src/app/autonomous_driving/include/autonomous_driving.hpp:108:102:[m[K [01;31m[Kerror: [m[Kexpected ‚Äò[01m[K;[m[K‚Äô at end of member declaration
[2.145s]   108 |         double computePID(double target_speed, double current_speed, const rclcpp::Time& current_time[01;31m[K)[m[K
[2.145s]       |                                                                                                      [01;31m[K^[m[K
[2.145s]       |                                                                                                       [32m[K;[m[K
[2.373s] [01m[K/home/seok/automotive_software_mid-term/src/app/autonomous_driving/src/autonomous_driving.cpp:[m[K In member function ‚Äò[01m[Kvoid AutonomousDriving::Init(const rclcpp::Time&)[m[K‚Äô:
[2.373s] [01m[K/home/seok/automotive_software_mid-term/src/app/autonomous_driving/src/autonomous_driving.cpp:138:50:[m[K [01;35m[Kwarning: [m[Kunused parameter ‚Äò[01m[Kcurrent_time[m[K‚Äô [[01;35m[K]8;;https://gcc.gnu.org/onlinedocs/gcc/Warning-Options.html#index-Wunused-parameter-Wunused-parameter]8;;[m[K]
[2.373s]   138 | void AutonomousDriving::Init([01;35m[Kconst rclcpp::Time &current_time[m[K) {
[2.373s]       |                              [01;35m[K~~~~~~~~~~~~~~~~~~~~^~~~~~~~~~~~[m[K
[2.380s] [01m[K/home/seok/automotive_software_mid-term/src/app/autonomous_driving/src/autonomous_driving.cpp:[m[K In member function ‚Äò[01m[Kdouble AutonomousDriving::computePID(double, double, const rclcpp::Time&)[m[K‚Äô:
[2.380s] [01m[K/home/seok/automotive_software_mid-term/src/app/autonomous_driving/src/autonomous_driving.cpp:147:43:[m[K [01;31m[Kerror: [m[K‚Äò[01m[Klast_time_[m[K‚Äô was not declared in this scope
[2.380s]   147 |     double dt = (current_time.seconds() - [01;31m[Klast_time_[m[K.seconds());
[2.380s]       |                                           [01;31m[K^~~~~~~~~~[m[K
[2.386s] [01m[K/home/seok/automotive_software_mid-term/src/app/autonomous_driving/src/autonomous_driving.cpp:155:64:[m[K [01;31m[Kerror: [m[K‚Äò[01m[Kmax_brake[m[K‚Äô was not declared in this scope
[2.386s]   155 |     speed_error_integral_ = std::clamp(speed_error_integral_, -[01;31m[Kmax_brake[m[K, max_accel);  // Ï†ÅÎ∂Ñ Ìï≠ ÌïúÍ≥Ñ ÏÑ§Ï†ï
[2.386s]       |                                                                [01;31m[K^~~~~~~~~[m[K
[2.391s] [01m[K/home/seok/automotive_software_mid-term/src/app/autonomous_driving/src/autonomous_driving.cpp:155:75:[m[K [01;31m[Kerror: [m[K‚Äò[01m[Kmax_accel[m[K‚Äô was not declared in this scope
[2.392s]   155 |     speed_error_integral_ = std::clamp(speed_error_integral_, -max_brake, [01;31m[Kmax_accel[m[K);  // Ï†ÅÎ∂Ñ Ìï≠ ÌïúÍ≥Ñ ÏÑ§Ï†ï
[2.392s]       |                                                                           [01;31m[K^~~~~~~~~[m[K
[2.443s] [01m[K/home/seok/automotive_software_mid-term/src/app/autonomous_driving/src/autonomous_driving.cpp:[m[K In member function ‚Äò[01m[Kvoid AutonomousDriving::Run(const rclcpp::Time&)[m[K‚Äô:
[2.443s] [01m[K/home/seok/automotive_software_mid-term/src/app/autonomous_driving/src/autonomous_driving.cpp:457:12:[m[K [01;35m[Kwarning: [m[Kunused variable ‚Äò[01m[Kcontrol_signal[m[K‚Äô [[01;35m[K]8;;https://gcc.gnu.org/onlinedocs/gcc/Warning-Options.html#index-Wunused-variable-Wunused-variable]8;;[m[K]
[2.443s]   457 |     double [01;35m[Kcontrol_signal[m[K = computePID(target_speed, vehicle_state.velocity, current_time);
[2.443s]       |            [01;35m[K^~~~~~~~~~~~~~[m[K
[2.444s] [01m[K/home/seok/automotive_software_mid-term/src/app/autonomous_driving/src/autonomous_driving.cpp:[m[K In member function ‚Äò[01m[Kvoid AutonomousDriving::Publish(const rclcpp::Time&)[m[K‚Äô:
[2.444s] [01m[K/home/seok/automotive_software_mid-term/src/app/autonomous_driving/src/autonomous_driving.cpp:539:53:[m[K [01;35m[Kwarning: [m[Kunused parameter ‚Äò[01m[Kcurrent_time[m[K‚Äô [[01;35m[K]8;;https://gcc.gnu.org/onlinedocs/gcc/Warning-Options.html#index-Wunused-parameter-Wunused-parameter]8;;[m[K]
[2.444s]   539 | void AutonomousDriving::Publish([01;35m[Kconst rclcpp::Time &current_time[m[K) {
[2.444s]       |                                 [01;35m[K~~~~~~~~~~~~~~~~~~~~^~~~~~~~~~~~[m[K
[15.228s] gmake[2]: *** [CMakeFiles/autonomous_driving.dir/build.make:76: CMakeFiles/autonomous_driving.dir/src/autonomous_driving.cpp.o] Error 1
[15.228s] gmake[1]: *** [CMakeFiles/Makefile2:137: CMakeFiles/autonomous_driving.dir/all] Error 2
[15.228s] gmake: *** [Makefile:146: all] Error 2
[15.229s] Invoked command in '/home/seok/automotive_software_mid-term/build/autonomous_driving' returned '2': CMAKE_PREFIX_PATH=/home/seok/automotive_software_mid-term/install/ad_msgs:/home/seok/automotive_software_mid-term/install/simulator:/home/seok/automotive_software_mid-term/install/scenario_runner:/home/seok/automotive_software_mid-term/install/evaluation:/home/seok/automotive_software_mid-term/install/autonomous_driving:/home/seok/ros2_ws/install/simulator:/home/seok/ros2_ws/install/evaluation:/home/seok/ros2_ws/install/autonomous_driving:/home/seok/ros2_ws/install/ad_msgs:/opt/ros/humble /usr/bin/cmake --build /home/seok/automotive_software_mid-term/build/autonomous_driving -- -j16 -l16
