[35m[1mConsolidate compiler generated dependencies of target autonomous_driving[0m
[ 50%] [32mBuilding CXX object CMakeFiles/autonomous_driving.dir/src/autonomous_driving.cpp.o[0m
[01m[K/home/seok/automotive_software_mid-term/src/app/autonomous_driving/src/autonomous_driving.cpp:[m[K In member function â€˜[01m[Kvoid AutonomousDriving::Init(const rclcpp::Time&)[m[Kâ€™:
[01m[K/home/seok/automotive_software_mid-term/src/app/autonomous_driving/src/autonomous_driving.cpp:138:50:[m[K [01;35m[Kwarning: [m[Kunused parameter â€˜[01m[Kcurrent_time[m[Kâ€™ [[01;35m[K]8;;https://gcc.gnu.org/onlinedocs/gcc/Warning-Options.html#index-Wunused-parameter-Wunused-parameter]8;;[m[K]
  138 | void AutonomousDriving::Init([01;35m[Kconst rclcpp::Time &current_time[m[K) {
      |                              [01;35m[K~~~~~~~~~~~~~~~~~~~~^~~~~~~~~~~~[m[K
[01m[K/home/seok/automotive_software_mid-term/src/app/autonomous_driving/src/autonomous_driving.cpp:[m[K At global scope:
[01m[K/home/seok/automotive_software_mid-term/src/app/autonomous_driving/src/autonomous_driving.cpp:158:1:[m[K [01;31m[Kerror: [m[Kâ€˜[01m[KPointCluster[m[Kâ€™ does not name a type
  158 | [01;31m[KPointCluster[m[K AutonomousDriving::cluster_lane__points(const std::vector<geometry_msgs::msg::Point>& points, int k =2)
      | [01;31m[K^~~~~~~~~~~~[m[K
[01m[K/home/seok/automotive_software_mid-term/src/app/autonomous_driving/src/autonomous_driving.cpp:[m[K In member function â€˜[01m[Kvoid AutonomousDriving::Publish(const rclcpp::Time&)[m[Kâ€™:
[01m[K/home/seok/automotive_software_mid-term/src/app/autonomous_driving/src/autonomous_driving.cpp:521:53:[m[K [01;35m[Kwarning: [m[Kunused parameter â€˜[01m[Kcurrent_time[m[Kâ€™ [[01;35m[K]8;;https://gcc.gnu.org/onlinedocs/gcc/Warning-Options.html#index-Wunused-parameter-Wunused-parameter]8;;[m[K]
  521 | void AutonomousDriving::Publish([01;35m[Kconst rclcpp::Time &current_time[m[K) {
      |                                 [01;35m[K~~~~~~~~~~~~~~~~~~~~^~~~~~~~~~~~[m[K
gmake[2]: *** [CMakeFiles/autonomous_driving.dir/build.make:76: CMakeFiles/autonomous_driving.dir/src/autonomous_driving.cpp.o] Error 1
gmake[1]: *** [CMakeFiles/Makefile2:137: CMakeFiles/autonomous_driving.dir/all] Error 2
gmake: *** [Makefile:146: all] Error 2
