[0.033s] Invoking command in '/home/seok/automotive_software_mid-term/build/autonomous_driving': CMAKE_PREFIX_PATH=/home/seok/automotive_software_mid-term/install/ad_msgs:/home/seok/automotive_software_mid-term/install/simulator:/home/seok/automotive_software_mid-term/install/scenario_runner:/home/seok/automotive_software_mid-term/install/evaluation:/home/seok/automotive_software_mid-term/install/autonomous_driving:/home/seok/ros2_ws/install/simulator:/home/seok/ros2_ws/install/evaluation:/home/seok/ros2_ws/install/autonomous_driving:/home/seok/ros2_ws/install/ad_msgs:/opt/ros/humble /usr/bin/cmake --build /home/seok/automotive_software_mid-term/build/autonomous_driving -- -j16 -l16
[0.055s] [35m[1mConsolidate compiler generated dependencies of target autonomous_driving[0m
[0.067s] [ 50%] [32mBuilding CXX object CMakeFiles/autonomous_driving.dir/src/autonomous_driving.cpp.o[0m
[2.250s] [01m[K/home/seok/automotive_software_mid-term/src/app/autonomous_driving/src/autonomous_driving.cpp:[m[K In member function â€˜[01m[Kvoid AutonomousDriving::Init(const rclcpp::Time&)[m[Kâ€™:
[2.250s] [01m[K/home/seok/automotive_software_mid-term/src/app/autonomous_driving/src/autonomous_driving.cpp:146:50:[m[K [01;35m[Kwarning: [m[Kunused parameter â€˜[01m[Kcurrent_time[m[Kâ€™ [[01;35m[K]8;;https://gcc.gnu.org/onlinedocs/gcc/Warning-Options.html#index-Wunused-parameter-Wunused-parameter]8;;[m[K]
[2.250s]   146 | void AutonomousDriving::Init([01;35m[Kconst rclcpp::Time &current_time[m[K) {
[2.250s]       |                              [01;35m[K~~~~~~~~~~~~~~~~~~~~^~~~~~~~~~~~[m[K
[2.332s] [01m[K/home/seok/automotive_software_mid-term/src/app/autonomous_driving/src/autonomous_driving.cpp:[m[K In member function â€˜[01m[Kbool AutonomousDriving::isCurveAhead(double)[m[Kâ€™:
[2.332s] [01m[K/home/seok/automotive_software_mid-term/src/app/autonomous_driving/src/autonomous_driving.cpp:707:12:[m[K [01;35m[Kwarning: [m[Kunused variable â€˜[01m[Kd[m[Kâ€™ [[01;35m[K]8;;https://gcc.gnu.org/onlinedocs/gcc/Warning-Options.html#index-Wunused-variable-Wunused-variable]8;;[m[K]
[2.332s]   707 |     double [01;35m[Kd[m[K = A_MID(0); // 0ì°¨ í•­ ê³„ìˆ˜
[2.332s]       |            [01;35m[K^[m[K
[2.339s] [01m[K/home/seok/automotive_software_mid-term/src/app/autonomous_driving/src/autonomous_driving.cpp:[m[K In member function â€˜[01m[Kvoid AutonomousDriving::Run(const rclcpp::Time&)[m[Kâ€™:
[2.339s] [01m[K/home/seok/automotive_software_mid-term/src/app/autonomous_driving/src/autonomous_driving.cpp:867:17:[m[K [01;31m[Kerror: [m[Kâ€˜[01m[Ktarget_distance[m[Kâ€™ was not declared in this scope; did you mean â€˜[01m[KAEB_distance[m[Kâ€™?
[2.340s]   867 |                 [01;31m[Ktarget_distance[m[K = 18;
[2.340s]       |                 [01;31m[K^~~~~~~~~~~~~~~[m[K
[2.340s]       |                 [32m[KAEB_distance[m[K
[2.344s] [01m[K/home/seok/automotive_software_mid-term/src/app/autonomous_driving/src/autonomous_driving.cpp:868:17:[m[K [01;31m[Kerror: [m[Kâ€˜[01m[Ktarget_speed[m[Kâ€™ was not declared in this scope
[2.345s]   868 |                 [01;31m[Ktarget_speed[m[K = 40/3.6;  // ì»¤ë¸Œì¼ ê²½ìš° target_distanceë¥¼ 20ìœ¼ë¡œ ì„¤ì •
[2.345s]       |                 [01;31m[K^~~~~~~~~~~~[m[K
[2.350s] [01m[K/home/seok/automotive_software_mid-term/src/app/autonomous_driving/src/autonomous_driving.cpp:871:17:[m[K [01;31m[Kerror: [m[Kâ€˜[01m[Ktarget_distance[m[Kâ€™ was not declared in this scope; did you mean â€˜[01m[KAEB_distance[m[Kâ€™?
[2.350s]   871 |                 [01;31m[Ktarget_distance[m[K = 10;
[2.350s]       |                 [01;31m[K^~~~~~~~~~~~~~~[m[K
[2.350s]       |                 [32m[KAEB_distance[m[K
[2.355s] [01m[K/home/seok/automotive_software_mid-term/src/app/autonomous_driving/src/autonomous_driving.cpp:872:17:[m[K [01;31m[Kerror: [m[Kâ€˜[01m[Ktarget_speed[m[Kâ€™ was not declared in this scope
[2.355s]   872 |                 [01;31m[Ktarget_speed[m[K = 50/3.6;
[2.355s]       |                 [01;31m[K^~~~~~~~~~~~[m[K
[2.360s] [01m[K/home/seok/automotive_software_mid-term/src/app/autonomous_driving/src/autonomous_driving.cpp:879:49:[m[K [01;31m[Kerror: [m[Kâ€˜[01m[Ktarget_speed[m[Kâ€™ was not declared in this scope
[2.360s]   879 |                     control_signal = computePID([01;31m[Ktarget_speed[m[K, vehicle_state.velocity, current_time, 0.25);
[2.360s]       |                                                 [01;31m[K^~~~~~~~~~~~[m[K
[2.365s] [01m[K/home/seok/automotive_software_mid-term/src/app/autonomous_driving/src/autonomous_driving.cpp:882:53:[m[K [01;31m[Kerror: [m[Kâ€˜[01m[Ktarget_distance[m[Kâ€™ was not declared in this scope; did you mean â€˜[01m[KAEB_distance[m[Kâ€™?
[2.366s]   882 |                     control_signal = computePID_ACC([01;31m[Ktarget_distance[m[K, closest_obstacle_distance, current_time, 0.03);
[2.366s]       |                                                     [01;31m[K^~~~~~~~~~~~~~~[m[K
[2.366s]       |                                                     [32m[KAEB_distance[m[K
[2.373s] In file included from [01m[K/opt/ros/humble/include/rclcpp/rclcpp/logging.hpp:24[m[K,
[2.373s]                  from [01m[K/opt/ros/humble/include/rclcpp/rclcpp/client.hpp:40[m[K,
[2.373s]                  from [01m[K/opt/ros/humble/include/rclcpp/rclcpp/callback_group.hpp:24[m[K,
[2.373s]                  from [01m[K/opt/ros/humble/include/rclcpp/rclcpp/any_executable.hpp:20[m[K,
[2.373s]                  from [01m[K/opt/ros/humble/include/rclcpp/rclcpp/memory_strategy.hpp:25[m[K,
[2.373s]                  from [01m[K/opt/ros/humble/include/rclcpp/rclcpp/memory_strategies.hpp:18[m[K,
[2.373s]                  from [01m[K/opt/ros/humble/include/rclcpp/rclcpp/executor_options.hpp:20[m[K,
[2.373s]                  from [01m[K/opt/ros/humble/include/rclcpp/rclcpp/executor.hpp:37[m[K,
[2.373s]                  from [01m[K/opt/ros/humble/include/rclcpp/rclcpp/executors/multi_threaded_executor.hpp:25[m[K,
[2.373s]                  from [01m[K/opt/ros/humble/include/rclcpp/rclcpp/executors.hpp:21[m[K,
[2.373s]                  from [01m[K/opt/ros/humble/include/rclcpp/rclcpp/rclcpp.hpp:155[m[K,
[2.373s]                  from [01m[K/home/seok/automotive_software_mid-term/src/app/autonomous_driving/include/autonomous_driving.hpp:31[m[K,
[2.373s]                  from [01m[K/home/seok/automotive_software_mid-term/src/app/autonomous_driving/src/autonomous_driving.cpp:17[m[K:
[2.373s] [01m[K/home/seok/automotive_software_mid-term/src/app/autonomous_driving/src/autonomous_driving.cpp:932:60:[m[K [01;31m[Kerror: [m[Kâ€˜[01m[Ktarget_distance[m[Kâ€™ was not declared in this scope; did you mean â€˜[01m[KAEB_distance[m[Kâ€™?
[2.373s]   932 |     RCLCPP_INFO(this->get_logger(), "target_distance: %f", [01;31m[Ktarget_distance[m[K);
[2.373s]       |                                                            [01;31m[K^~~~~~~~~~~~~~~[m[K
[2.380s] [01m[K/home/seok/automotive_software_mid-term/src/app/autonomous_driving/src/autonomous_driving.cpp:934:59:[m[K [01;31m[Kerror: [m[Kâ€˜[01m[Ktarget_distance[m[Kâ€™ was not declared in this scope; did you mean â€˜[01m[KAEB_distance[m[Kâ€™?
[2.380s]   934 |     RCLCPP_INFO(this->get_logger(), "Distance_error: %f", [01;31m[Ktarget_distance[m[K-closest_obstacle_distance);
[2.380s]       |                                                           [01;31m[K^~~~~~~~~~~~~~~[m[K
[2.380s] [01m[K/home/seok/automotive_software_mid-term/src/app/autonomous_driving/src/autonomous_driving.cpp:751:12:[m[K [01;35m[Kwarning: [m[Kunused variable â€˜[01m[Klimit_speed[m[Kâ€™ [[01;35m[K]8;;https://gcc.gnu.org/onlinedocs/gcc/Warning-Options.html#index-Wunused-variable-Wunused-variable]8;;[m[K]
[2.380s]   751 |     double [01;35m[Klimit_speed[m[K = i_limit_speed_;
[2.380s]       |            [01;35m[K^~~~~~~~~~~[m[K
[2.381s] [01m[K/home/seok/automotive_software_mid-term/src/app/autonomous_driving/src/autonomous_driving.cpp:[m[K In member function â€˜[01m[Kvoid AutonomousDriving::Publish(const rclcpp::Time&, const MarkerArray&)[m[Kâ€™:
[2.381s] [01m[K/home/seok/automotive_software_mid-term/src/app/autonomous_driving/src/autonomous_driving.cpp:938:53:[m[K [01;35m[Kwarning: [m[Kunused parameter â€˜[01m[Kcurrent_time[m[Kâ€™ [[01;35m[K]8;;https://gcc.gnu.org/onlinedocs/gcc/Warning-Options.html#index-Wunused-parameter-Wunused-parameter]8;;[m[K]
[2.381s]   938 | void AutonomousDriving::Publish([01;35m[Kconst rclcpp::Time &current_time[m[K, const visualization_msgs::msg::MarkerArray& cluster_markers) {
[2.381s]       |                                 [01;35m[K~~~~~~~~~~~~~~~~~~~~^~~~~~~~~~~~[m[K
[19.102s] gmake[2]: *** [CMakeFiles/autonomous_driving.dir/build.make:76: CMakeFiles/autonomous_driving.dir/src/autonomous_driving.cpp.o] Error 1
[19.102s] gmake[1]: *** [CMakeFiles/Makefile2:137: CMakeFiles/autonomous_driving.dir/all] Error 2
[19.102s] gmake: *** [Makefile:146: all] Error 2
[19.106s] Invoked command in '/home/seok/automotive_software_mid-term/build/autonomous_driving' returned '2': CMAKE_PREFIX_PATH=/home/seok/automotive_software_mid-term/install/ad_msgs:/home/seok/automotive_software_mid-term/install/simulator:/home/seok/automotive_software_mid-term/install/scenario_runner:/home/seok/automotive_software_mid-term/install/evaluation:/home/seok/automotive_software_mid-term/install/autonomous_driving:/home/seok/ros2_ws/install/simulator:/home/seok/ros2_ws/install/evaluation:/home/seok/ros2_ws/install/autonomous_driving:/home/seok/ros2_ws/install/ad_msgs:/opt/ros/humble /usr/bin/cmake --build /home/seok/automotive_software_mid-term/build/autonomous_driving -- -j16 -l16
