[0.039s] Invoking command in '/home/seok/automotive_software_mid-term/build/autonomous_driving': CMAKE_PREFIX_PATH=/home/seok/automotive_software_mid-term/install/ad_msgs:/home/seok/automotive_software_mid-term/install/simulator:/home/seok/automotive_software_mid-term/install/scenario_runner:/home/seok/automotive_software_mid-term/install/evaluation:/home/seok/automotive_software_mid-term/install/autonomous_driving:/home/seok/ros2_ws/install/simulator:/home/seok/ros2_ws/install/evaluation:/home/seok/ros2_ws/install/autonomous_driving:/home/seok/ros2_ws/install/ad_msgs:/opt/ros/humble /usr/bin/cmake --build /home/seok/automotive_software_mid-term/build/autonomous_driving -- -j16 -l16
[0.061s] [35m[1mConsolidate compiler generated dependencies of target autonomous_driving[0m
[0.073s] [ 50%] [32mBuilding CXX object CMakeFiles/autonomous_driving.dir/src/autonomous_driving.cpp.o[0m
[2.058s] In file included from [01m[K/home/seok/automotive_software_mid-term/src/app/autonomous_driving/src/autonomous_driving.cpp:17[m[K:
[2.058s] [01m[K/home/seok/automotive_software_mid-term/src/app/autonomous_driving/include/autonomous_driving.hpp:69:102:[m[K [01;31m[Kerror: [m[Kexpected â€˜[01m[K;[m[Kâ€™ at end of member declaration
[2.058s]    69 |         double computePID(double target_speed, double current_speed, const rclcpp::Time& current_time[01;31m[K)[m[K
[2.058s]       |                                                                                                      [01;31m[K^[m[K
[2.058s]       |                                                                                                       [32m[K;[m[K
[2.312s] [01m[K/home/seok/automotive_software_mid-term/src/app/autonomous_driving/src/autonomous_driving.cpp:[m[K In member function â€˜[01m[Kvoid AutonomousDriving::Init(const rclcpp::Time&)[m[Kâ€™:
[2.312s] [01m[K/home/seok/automotive_software_mid-term/src/app/autonomous_driving/src/autonomous_driving.cpp:136:50:[m[K [01;35m[Kwarning: [m[Kunused parameter â€˜[01m[Kcurrent_time[m[Kâ€™ [[01;35m[K]8;;https://gcc.gnu.org/onlinedocs/gcc/Warning-Options.html#index-Wunused-parameter-Wunused-parameter]8;;[m[K]
[2.312s]   136 | void AutonomousDriving::Init([01;35m[Kconst rclcpp::Time &current_time[m[K) {
[2.312s]       |                              [01;35m[K~~~~~~~~~~~~~~~~~~~~^~~~~~~~~~~~[m[K
[2.350s] [01m[K/home/seok/automotive_software_mid-term/src/app/autonomous_driving/src/autonomous_driving.cpp:[m[K In member function â€˜[01m[Kdouble AutonomousDriving::computePID(double, double, const rclcpp::Time&)[m[Kâ€™:
[2.350s] [01m[K/home/seok/automotive_software_mid-term/src/app/autonomous_driving/src/autonomous_driving.cpp:328:31:[m[K [01;31m[Kerror: [m[Kinvalid use of member function â€˜[01m[Kdouble rclcpp::Time::seconds() const[m[Kâ€™ (did you forget the â€˜[01m[K()[m[Kâ€™ ?)
[2.350s]   328 |     double dt = [01;31m[K(current_time.seconds)[m[K - last_time_.seconds());
[2.350s]       |                 [01;31m[K~~~~~~~~~~~~~~^~~~~~~~[m[K
[2.350s]       |                                       [32m[K()[m[K
[2.350s] [01m[K/home/seok/automotive_software_mid-term/src/app/autonomous_driving/src/autonomous_driving.cpp:[m[K In member function â€˜[01m[Kvoid AutonomousDriving::Run(const rclcpp::Time&)[m[Kâ€™:
[2.350s] [01m[K/home/seok/automotive_software_mid-term/src/app/autonomous_driving/src/autonomous_driving.cpp:370:12:[m[K [01;31m[Kerror: [m[Kredeclaration of â€˜[01m[Kdouble limit_speed[m[Kâ€™
[2.350s]   370 |     double [01;31m[Klimit_speed[m[K = 50 / 3.6;
[2.350s]       |            [01;31m[K^~~~~~~~~~~[m[K
[2.350s] [01m[K/home/seok/automotive_software_mid-term/src/app/autonomous_driving/src/autonomous_driving.cpp:363:12:[m[K [01;36m[Knote: [m[Kâ€˜[01m[Kdouble limit_speed[m[Kâ€™ previously declared here
[2.350s]   363 |     double [01;36m[Klimit_speed[m[K = i_limit_speed_;
[2.350s]       |            [01;36m[K^~~~~~~~~~~[m[K
[2.354s] [01m[K/home/seok/automotive_software_mid-term/src/app/autonomous_driving/src/autonomous_driving.cpp:416:40:[m[K [01;31m[Kerror: [m[Kâ€˜[01m[Kad[m[Kâ€™ was not declared in this scope
[2.354s]   416 |         process_lanes(std::make_shared<[01;31m[Kad[m[K::msgs::msg::LanePointData>(lane_points));
[2.354s]       |                                        [01;31m[K^~[m[K
[2.354s] [01m[K/home/seok/automotive_software_mid-term/src/app/autonomous_driving/src/autonomous_driving.cpp:416:28:[m[K [01;31m[Kerror: [m[Kparse error in template argument list
[2.354s]   416 |         process_lanes(std::[01;31m[Kmake_shared<ad::msgs::msg::LanePointData>[m[K(lane_points));
[2.354s]       |                            [01;31m[K^~~~~~~~~~~~~~~~~~~~~~~~~~~~~~~~~~~~~~~~~[m[K
[2.354s] [01m[K/home/seok/automotive_software_mid-term/src/app/autonomous_driving/src/autonomous_driving.cpp:416:69:[m[K [01;31m[Kerror: [m[Kno matching function for call to â€˜[01m[Kmake_shared<<expression error> >(ad_msgs::msg::LanePointData&)[m[Kâ€™
[2.354s]   416 |         process_lanes([01;31m[Kstd::make_shared<ad::msgs::msg::LanePointData>(lane_points)[m[K);
[2.354s]       |                       [01;31m[K~~~~~~~~~~~~~~~~~~~~~~~~~~~~~~~~~~~~~~~~~~~~~~^~~~~~~~~~~~~[m[K
[2.355s] In file included from [01m[K/usr/include/c++/11/memory:77[m[K,
[2.355s]                  from [01m[K/home/seok/automotive_software_mid-term/src/app/autonomous_driving/include/autonomous_driving.hpp:22[m[K,
[2.355s]                  from [01m[K/home/seok/automotive_software_mid-term/src/app/autonomous_driving/src/autonomous_driving.cpp:17[m[K:
[2.355s] [01m[K/usr/include/c++/11/bits/shared_ptr.h:875:5:[m[K [01;36m[Knote: [m[Kcandidate: â€˜[01m[Ktemplate<class _Tp, class ... _Args> std::shared_ptr<_Tp> std::make_shared(_Args&& ...)[m[Kâ€™
[2.355s]   875 |     [01;36m[Kmake_shared[m[K(_Args&&... __args)
[2.355s]       |     [01;36m[K^~~~~~~~~~~[m[K
[2.355s] [01m[K/usr/include/c++/11/bits/shared_ptr.h:875:5:[m[K [01;36m[Knote: [m[K  template argument deduction/substitution failed:
[2.355s] [01m[K/home/seok/automotive_software_mid-term/src/app/autonomous_driving/src/autonomous_driving.cpp:416:69:[m[K [01;31m[Kerror: [m[Ktemplate argument 1 is invalid
[2.355s]   416 |         process_lanes([01;31m[Kstd::make_shared<ad::msgs::msg::LanePointData>(lane_points)[m[K);
[2.355s]       |                       [01;31m[K~~~~~~~~~~~~~~~~~~~~~~~~~~~~~~~~~~~~~~~~~~~~~~^~~~~~~~~~~~~[m[K
[2.357s] [01m[K/home/seok/automotive_software_mid-term/src/app/autonomous_driving/src/autonomous_driving.cpp:[m[K In member function â€˜[01m[Kvoid AutonomousDriving::Publish(const rclcpp::Time&)[m[Kâ€™:
[2.357s] [01m[K/home/seok/automotive_software_mid-term/src/app/autonomous_driving/src/autonomous_driving.cpp:444:53:[m[K [01;35m[Kwarning: [m[Kunused parameter â€˜[01m[Kcurrent_time[m[Kâ€™ [[01;35m[K]8;;https://gcc.gnu.org/onlinedocs/gcc/Warning-Options.html#index-Wunused-parameter-Wunused-parameter]8;;[m[K]
[2.357s]   444 | void AutonomousDriving::Publish([01;35m[Kconst rclcpp::Time &current_time[m[K) {
[2.357s]       |                                 [01;35m[K~~~~~~~~~~~~~~~~~~~~^~~~~~~~~~~~[m[K
[15.296s] gmake[2]: *** [CMakeFiles/autonomous_driving.dir/build.make:76: CMakeFiles/autonomous_driving.dir/src/autonomous_driving.cpp.o] Error 1
[15.297s] gmake[1]: *** [CMakeFiles/Makefile2:137: CMakeFiles/autonomous_driving.dir/all] Error 2
[15.297s] gmake: *** [Makefile:146: all] Error 2
[15.299s] Invoked command in '/home/seok/automotive_software_mid-term/build/autonomous_driving' returned '2': CMAKE_PREFIX_PATH=/home/seok/automotive_software_mid-term/install/ad_msgs:/home/seok/automotive_software_mid-term/install/simulator:/home/seok/automotive_software_mid-term/install/scenario_runner:/home/seok/automotive_software_mid-term/install/evaluation:/home/seok/automotive_software_mid-term/install/autonomous_driving:/home/seok/ros2_ws/install/simulator:/home/seok/ros2_ws/install/evaluation:/home/seok/ros2_ws/install/autonomous_driving:/home/seok/ros2_ws/install/ad_msgs:/opt/ros/humble /usr/bin/cmake --build /home/seok/automotive_software_mid-term/build/autonomous_driving -- -j16 -l16
