[ 50%] [32mBuilding CXX object CMakeFiles/autonomous_driving.dir/src/autonomous_driving.cpp.o[0m
In file included from [01m[K/home/seok/automotive_software_mid-term/src/app/autonomous_driving/src/autonomous_driving.cpp:17[m[K:
[01m[K/home/seok/automotive_software_mid-term/src/app/autonomous_driving/include/autonomous_driving.hpp:109:14:[m[K [01;31m[Kerror: [m[Kâ€˜[01m[Krandom_device[m[Kâ€™ in namespace â€˜[01m[Kstd[m[Kâ€™ does not name a type
  109 |         std::[01;31m[Krandom_device[m[K rd_;
      |              [01;31m[K^~~~~~~~~~~~~[m[K
[01m[K/home/seok/automotive_software_mid-term/src/app/autonomous_driving/include/autonomous_driving.hpp:110:14:[m[K [01;31m[Kerror: [m[Kâ€˜[01m[Kmt19937[m[Kâ€™ in namespace â€˜[01m[Kstd[m[Kâ€™ does not name a type
  110 |         std::[01;31m[Kmt19937[m[K gen_;
      |              [01;31m[K^~~~~~~[m[K
[01m[K/home/seok/automotive_software_mid-term/src/app/autonomous_driving/src/autonomous_driving.cpp:[m[K In constructor â€˜[01m[KAutonomousDriving::AutonomousDriving(const string&, const double&, const rclcpp::NodeOptions&)[m[Kâ€™:
[01m[K/home/seok/automotive_software_mid-term/src/app/autonomous_driving/src/autonomous_driving.cpp:28:33:[m[K [01;31m[Kerror: [m[Kclass â€˜[01m[KAutonomousDriving[m[Kâ€™ does not have any field named â€˜[01m[Kgen_[m[Kâ€™
   28 |     : Node(node_name, options), [01;31m[Kgen_[m[K(rd_()) {
      |                                 [01;31m[K^~~~[m[K
[01m[K/home/seok/automotive_software_mid-term/src/app/autonomous_driving/src/autonomous_driving.cpp:28:38:[m[K [01;31m[Kerror: [m[Kâ€˜[01m[Krd_[m[Kâ€™ was not declared in this scope
   28 |     : Node(node_name, options), gen_([01;31m[Krd_[m[K()) {
      |                                      [01;31m[K^~~[m[K
[01m[K/home/seok/automotive_software_mid-term/src/app/autonomous_driving/src/autonomous_driving.cpp:[m[K In member function â€˜[01m[Kvoid AutonomousDriving::Init(const rclcpp::Time&)[m[Kâ€™:
[01m[K/home/seok/automotive_software_mid-term/src/app/autonomous_driving/src/autonomous_driving.cpp:138:50:[m[K [01;35m[Kwarning: [m[Kunused parameter â€˜[01m[Kcurrent_time[m[Kâ€™ [[01;35m[K]8;;https://gcc.gnu.org/onlinedocs/gcc/Warning-Options.html#index-Wunused-parameter-Wunused-parameter]8;;[m[K]
  138 | void AutonomousDriving::Init([01;35m[Kconst rclcpp::Time &current_time[m[K) {
      |                              [01;35m[K~~~~~~~~~~~~~~~~~~~~^~~~~~~~~~~~[m[K
[01m[K/home/seok/automotive_software_mid-term/src/app/autonomous_driving/src/autonomous_driving.cpp:[m[K In member function â€˜[01m[KPointCluster AutonomousDriving::cluster_lane_points(const std::vector<geometry_msgs::msg::Point_<std::allocator<void> >, std::allocator<geometry_msgs::msg::Point_<std::allocator<void> > > >&, int)[m[Kâ€™:
[01m[K/home/seok/automotive_software_mid-term/src/app/autonomous_driving/src/autonomous_driving.cpp:167:35:[m[K [01;31m[Kerror: [m[Kâ€˜[01m[Kgen[m[Kâ€™ was not declared in this scope
  167 |         centroids[i] = points[dis([01;31m[Kgen[m[K)];
      |                                   [01;31m[K^~~[m[K
[01m[K/home/seok/automotive_software_mid-term/src/app/autonomous_driving/src/autonomous_driving.cpp:[m[K In member function â€˜[01m[Kvoid AutonomousDriving::process_lanes(ad_msgs::msg::LanePointData_<std::allocator<void> >::SharedPtr)[m[Kâ€™:
[01m[K/home/seok/automotive_software_mid-term/src/app/autonomous_driving/src/autonomous_driving.cpp:262:61:[m[K [01;31m[Kerror: [m[Kâ€˜[01m[Kgen[m[Kâ€™ was not declared in this scope
  262 |                 random_points.push_back(left_candidates[dis([01;31m[Kgen[m[K)]);
      |                                                             [01;31m[K^~~[m[K
[01m[K/home/seok/automotive_software_mid-term/src/app/autonomous_driving/src/autonomous_driving.cpp:299:62:[m[K [01;31m[Kerror: [m[Kâ€˜[01m[Kgen[m[Kâ€™ was not declared in this scope
  299 |                 random_points.push_back(right_candidates[dis([01;31m[Kgen[m[K)]);
      |                                                              [01;31m[K^~~[m[K
[01m[K/home/seok/automotive_software_mid-term/src/app/autonomous_driving/src/autonomous_driving.cpp:[m[K In member function â€˜[01m[Kvoid AutonomousDriving::Publish(const rclcpp::Time&)[m[Kâ€™:
[01m[K/home/seok/automotive_software_mid-term/src/app/autonomous_driving/src/autonomous_driving.cpp:518:53:[m[K [01;35m[Kwarning: [m[Kunused parameter â€˜[01m[Kcurrent_time[m[Kâ€™ [[01;35m[K]8;;https://gcc.gnu.org/onlinedocs/gcc/Warning-Options.html#index-Wunused-parameter-Wunused-parameter]8;;[m[K]
  518 | void AutonomousDriving::Publish([01;35m[Kconst rclcpp::Time &current_time[m[K) {
      |                                 [01;35m[K~~~~~~~~~~~~~~~~~~~~^~~~~~~~~~~~[m[K
gmake[2]: *** [CMakeFiles/autonomous_driving.dir/build.make:76: CMakeFiles/autonomous_driving.dir/src/autonomous_driving.cpp.o] Error 1
gmake[1]: *** [CMakeFiles/Makefile2:137: CMakeFiles/autonomous_driving.dir/all] Error 2
gmake: *** [Makefile:146: all] Error 2
